{"C:\\Users\\Goran\\Documents\\linqify\\src\\linqify.js": {"path":"C:\\Users\\Goran\\Documents\\linqify\\src\\linqify.js","statementMap":{"0":{"start":{"line":1,"column":23},"end":{"line":1,"column":57}},"1":{"start":{"line":2,"column":33},"end":{"line":2,"column":68}},"2":{"start":{"line":3,"column":19},"end":{"line":10,"column":1}},"3":{"start":{"line":11,"column":0},"end":{"line":11,"column":50}},"4":{"start":{"line":11,"column":26},"end":{"line":11,"column":50}},"5":{"start":{"line":13,"column":20},"end":{"line":13,"column":47}},"6":{"start":{"line":21,"column":4},"end":{"line":21,"column":15}},"7":{"start":{"line":23,"column":0},"end":{"line":23,"column":41}},"8":{"start":{"line":25,"column":0},"end":{"line":25,"column":38}},"9":{"start":{"line":27,"column":0},"end":{"line":27,"column":29}},"10":{"start":{"line":29,"column":16},"end":{"line":29,"column":31}},"11":{"start":{"line":30,"column":0},"end":{"line":30,"column":75}},"12":{"start":{"line":30,"column":54},"end":{"line":30,"column":75}},"13":{"start":{"line":31,"column":0},"end":{"line":31,"column":35}},"14":{"start":{"line":40,"column":0},"end":{"line":47,"column":2}}},"fnMap":{},"branchMap":{},"s":{"0":8,"1":8,"2":8,"3":8,"4":48,"5":8,"6":8,"7":8,"8":8,"9":8,"10":8,"11":8,"12":40,"13":8,"14":8},"f":{},"b":{},"_coverageSchema":"332fd63041d2c1bcb487cc26dd0d5f7d97098a6c","hash":"96e29e2f5c7e67d2e4f40c8d7f3415f6a8490f3a"}
,"C:\\Users\\Goran\\Documents\\linqify\\src\\linqifyObjects.js": {"path":"C:\\Users\\Goran\\Documents\\linqify\\src\\linqifyObjects.js","statementMap":{"0":{"start":{"line":1,"column":26},"end":{"line":1,"column":58}},"1":{"start":{"line":2,"column":30},"end":{"line":2,"column":66}},"2":{"start":{"line":3,"column":23},"end":{"line":3,"column":55}},"3":{"start":{"line":4,"column":20},"end":{"line":4,"column":55}},"4":{"start":{"line":5,"column":23},"end":{"line":5,"column":61}},"5":{"start":{"line":7,"column":0},"end":{"line":13,"column":2}}},"fnMap":{},"branchMap":{},"s":{"0":8,"1":8,"2":8,"3":8,"4":8,"5":8},"f":{},"b":{},"_coverageSchema":"332fd63041d2c1bcb487cc26dd0d5f7d97098a6c","hash":"fbd8df26d46140bf0666569564e000acff4dd8ef"}
,"C:\\Users\\Goran\\Documents\\linqify\\src\\DataStructures\\Dictionary.js": {"path":"C:\\Users\\Goran\\Documents\\linqify\\src\\DataStructures\\Dictionary.js","statementMap":{"0":{"start":{"line":1,"column":20},"end":{"line":1,"column":49}},"1":{"start":{"line":2,"column":30},"end":{"line":2,"column":67}},"2":{"start":{"line":3,"column":24},"end":{"line":3,"column":58}},"3":{"start":{"line":13,"column":2},"end":{"line":13,"column":10}},"4":{"start":{"line":14,"column":2},"end":{"line":14,"column":17}},"5":{"start":{"line":15,"column":2},"end":{"line":15,"column":24}},"6":{"start":{"line":16,"column":2},"end":{"line":16,"column":61}},"7":{"start":{"line":17,"column":2},"end":{"line":27,"column":3}},"8":{"start":{"line":19,"column":3},"end":{"line":19,"column":28}},"9":{"start":{"line":20,"column":9},"end":{"line":27,"column":3}},"10":{"start":{"line":22,"column":3},"end":{"line":22,"column":63}},"11":{"start":{"line":25,"column":3},"end":{"line":25,"column":28}},"12":{"start":{"line":26,"column":3},"end":{"line":26,"column":48}},"13":{"start":{"line":26,"column":23},"end":{"line":26,"column":48}},"14":{"start":{"line":31,"column":2},"end":{"line":32,"column":60}},"15":{"start":{"line":32,"column":3},"end":{"line":32,"column":60}},"16":{"start":{"line":32,"column":23},"end":{"line":32,"column":60}},"17":{"start":{"line":36,"column":2},"end":{"line":36,"column":23}},"18":{"start":{"line":40,"column":2},"end":{"line":40,"column":20}},"19":{"start":{"line":44,"column":2},"end":{"line":44,"column":44}},"20":{"start":{"line":48,"column":2},"end":{"line":48,"column":46}},"21":{"start":{"line":52,"column":2},"end":{"line":61,"column":3}},"22":{"start":{"line":53,"column":3},"end":{"line":53,"column":67}},"23":{"start":{"line":55,"column":3},"end":{"line":59,"column":4}},"24":{"start":{"line":56,"column":4},"end":{"line":58,"column":5}},"25":{"start":{"line":57,"column":5},"end":{"line":57,"column":32}},"26":{"start":{"line":60,"column":3},"end":{"line":60,"column":70}},"27":{"start":{"line":62,"column":2},"end":{"line":62,"column":15}},"28":{"start":{"line":66,"column":2},"end":{"line":66,"column":20}},"29":{"start":{"line":67,"column":2},"end":{"line":67,"column":17}},"30":{"start":{"line":71,"column":2},"end":{"line":75,"column":3}},"31":{"start":{"line":72,"column":3},"end":{"line":74,"column":4}},"32":{"start":{"line":73,"column":4},"end":{"line":73,"column":54}},"33":{"start":{"line":73,"column":42},"end":{"line":73,"column":54}},"34":{"start":{"line":76,"column":2},"end":{"line":76,"column":15}},"35":{"start":{"line":80,"column":2},"end":{"line":82,"column":3}},"36":{"start":{"line":81,"column":3},"end":{"line":81,"column":58}},"37":{"start":{"line":81,"column":23},"end":{"line":81,"column":58}},"38":{"start":{"line":81,"column":46},"end":{"line":81,"column":58}},"39":{"start":{"line":83,"column":2},"end":{"line":83,"column":15}},"40":{"start":{"line":87,"column":2},"end":{"line":100,"column":3}},"41":{"start":{"line":88,"column":11},"end":{"line":88,"column":12}},"42":{"start":{"line":89,"column":3},"end":{"line":99,"column":4}},"43":{"start":{"line":90,"column":4},"end":{"line":97,"column":5}},"44":{"start":{"line":91,"column":5},"end":{"line":91,"column":64}},"45":{"start":{"line":92,"column":5},"end":{"line":94,"column":6}},"46":{"start":{"line":93,"column":6},"end":{"line":93,"column":55}},"47":{"start":{"line":95,"column":5},"end":{"line":95,"column":18}},"48":{"start":{"line":96,"column":5},"end":{"line":96,"column":17}},"49":{"start":{"line":98,"column":4},"end":{"line":98,"column":8}},"50":{"start":{"line":101,"column":2},"end":{"line":101,"column":15}},"51":{"start":{"line":105,"column":2},"end":{"line":109,"column":3}},"52":{"start":{"line":106,"column":3},"end":{"line":108,"column":4}},"53":{"start":{"line":107,"column":4},"end":{"line":107,"column":57}},"54":{"start":{"line":107,"column":42},"end":{"line":107,"column":57}},"55":{"start":{"line":110,"column":2},"end":{"line":110,"column":29}},"56":{"start":{"line":114,"column":2},"end":{"line":121,"column":3}},"57":{"start":{"line":115,"column":3},"end":{"line":120,"column":4}},"58":{"start":{"line":116,"column":4},"end":{"line":119,"column":5}},"59":{"start":{"line":117,"column":5},"end":{"line":117,"column":21}},"60":{"start":{"line":118,"column":5},"end":{"line":118,"column":12}},"61":{"start":{"line":122,"column":2},"end":{"line":122,"column":23}},"62":{"start":{"line":126,"column":2},"end":{"line":126,"column":42}},"63":{"start":{"line":126,"column":29},"end":{"line":126,"column":42}},"64":{"start":{"line":127,"column":2},"end":{"line":127,"column":23}},"65":{"start":{"line":128,"column":2},"end":{"line":128,"column":14}},"66":{"start":{"line":132,"column":2},"end":{"line":137,"column":3}},"67":{"start":{"line":133,"column":3},"end":{"line":136,"column":4}},"68":{"start":{"line":134,"column":4},"end":{"line":135,"column":47}},"69":{"start":{"line":135,"column":5},"end":{"line":135,"column":47}},"70":{"start":{"line":138,"column":2},"end":{"line":138,"column":47}},"71":{"start":{"line":142,"column":0},"end":{"line":161,"column":2}},"72":{"start":{"line":144,"column":2},"end":{"line":146,"column":5}},"73":{"start":{"line":145,"column":3},"end":{"line":145,"column":41}},"74":{"start":{"line":145,"column":29},"end":{"line":145,"column":41}},"75":{"start":{"line":147,"column":2},"end":{"line":147,"column":31}},"76":{"start":{"line":151,"column":2},"end":{"line":151,"column":37}},"77":{"start":{"line":155,"column":10},"end":{"line":155,"column":11}},"78":{"start":{"line":156,"column":2},"end":{"line":159,"column":3}},"79":{"start":{"line":157,"column":3},"end":{"line":157,"column":24}},"80":{"start":{"line":158,"column":3},"end":{"line":158,"column":7}},"81":{"start":{"line":163,"column":0},"end":{"line":182,"column":2}},"82":{"start":{"line":165,"column":2},"end":{"line":167,"column":5}},"83":{"start":{"line":166,"column":3},"end":{"line":166,"column":43}},"84":{"start":{"line":166,"column":29},"end":{"line":166,"column":43}},"85":{"start":{"line":168,"column":2},"end":{"line":168,"column":31}},"86":{"start":{"line":172,"column":2},"end":{"line":172,"column":37}},"87":{"start":{"line":176,"column":10},"end":{"line":176,"column":11}},"88":{"start":{"line":177,"column":2},"end":{"line":180,"column":3}},"89":{"start":{"line":178,"column":3},"end":{"line":178,"column":24}},"90":{"start":{"line":179,"column":3},"end":{"line":179,"column":7}},"91":{"start":{"line":184,"column":0},"end":{"line":184,"column":32}}},"fnMap":{"0":{"name":"(anonymous_0)","decl":{"start":{"line":12,"column":1},"end":{"line":12,"column":2}},"loc":{"start":{"line":12,"column":67},"end":{"line":28,"column":2}},"line":12},"1":{"name":"(anonymous_1)","decl":{"start":{"line":30,"column":1},"end":{"line":30,"column":2}},"loc":{"start":{"line":30,"column":22},"end":{"line":33,"column":2}},"line":30},"2":{"name":"(anonymous_2)","decl":{"start":{"line":35,"column":1},"end":{"line":35,"column":2}},"loc":{"start":{"line":35,"column":16},"end":{"line":37,"column":2}},"line":35},"3":{"name":"(anonymous_3)","decl":{"start":{"line":39,"column":1},"end":{"line":39,"column":2}},"loc":{"start":{"line":39,"column":19},"end":{"line":41,"column":2}},"line":39},"4":{"name":"(anonymous_4)","decl":{"start":{"line":43,"column":1},"end":{"line":43,"column":2}},"loc":{"start":{"line":43,"column":12},"end":{"line":45,"column":2}},"line":43},"5":{"name":"(anonymous_5)","decl":{"start":{"line":47,"column":1},"end":{"line":47,"column":2}},"loc":{"start":{"line":47,"column":14},"end":{"line":49,"column":2}},"line":47},"6":{"name":"(anonymous_6)","decl":{"start":{"line":51,"column":1},"end":{"line":51,"column":2}},"loc":{"start":{"line":51,"column":17},"end":{"line":63,"column":2}},"line":51},"7":{"name":"(anonymous_7)","decl":{"start":{"line":65,"column":1},"end":{"line":65,"column":2}},"loc":{"start":{"line":65,"column":9},"end":{"line":68,"column":2}},"line":65},"8":{"name":"(anonymous_8)","decl":{"start":{"line":70,"column":1},"end":{"line":70,"column":2}},"loc":{"start":{"line":70,"column":18},"end":{"line":77,"column":2}},"line":70},"9":{"name":"(anonymous_9)","decl":{"start":{"line":79,"column":1},"end":{"line":79,"column":2}},"loc":{"start":{"line":79,"column":22},"end":{"line":84,"column":2}},"line":79},"10":{"name":"(anonymous_10)","decl":{"start":{"line":86,"column":1},"end":{"line":86,"column":2}},"loc":{"start":{"line":86,"column":13},"end":{"line":102,"column":2}},"line":86},"11":{"name":"(anonymous_11)","decl":{"start":{"line":104,"column":1},"end":{"line":104,"column":2}},"loc":{"start":{"line":104,"column":10},"end":{"line":111,"column":2}},"line":104},"12":{"name":"(anonymous_12)","decl":{"start":{"line":113,"column":1},"end":{"line":113,"column":2}},"loc":{"start":{"line":113,"column":17},"end":{"line":123,"column":2}},"line":113},"13":{"name":"(anonymous_13)","decl":{"start":{"line":125,"column":1},"end":{"line":125,"column":2}},"loc":{"start":{"line":125,"column":20},"end":{"line":129,"column":2}},"line":125},"14":{"name":"(anonymous_14)","decl":{"start":{"line":131,"column":1},"end":{"line":131,"column":2}},"loc":{"start":{"line":131,"column":18},"end":{"line":139,"column":2}},"line":131},"15":{"name":"(anonymous_15)","decl":{"start":{"line":143,"column":1},"end":{"line":143,"column":2}},"loc":{"start":{"line":143,"column":25},"end":{"line":148,"column":2}},"line":143},"16":{"name":"(anonymous_16)","decl":{"start":{"line":144,"column":8},"end":{"line":144,"column":9}},"loc":{"start":{"line":144,"column":20},"end":{"line":146,"column":3}},"line":144},"17":{"name":"(anonymous_17)","decl":{"start":{"line":150,"column":1},"end":{"line":150,"column":2}},"loc":{"start":{"line":150,"column":19},"end":{"line":152,"column":2}},"line":150},"18":{"name":"(anonymous_18)","decl":{"start":{"line":154,"column":1},"end":{"line":154,"column":2}},"loc":{"start":{"line":154,"column":22},"end":{"line":160,"column":2}},"line":154},"19":{"name":"(anonymous_19)","decl":{"start":{"line":164,"column":1},"end":{"line":164,"column":2}},"loc":{"start":{"line":164,"column":25},"end":{"line":169,"column":2}},"line":164},"20":{"name":"(anonymous_20)","decl":{"start":{"line":165,"column":8},"end":{"line":165,"column":9}},"loc":{"start":{"line":165,"column":20},"end":{"line":167,"column":3}},"line":165},"21":{"name":"(anonymous_21)","decl":{"start":{"line":171,"column":1},"end":{"line":171,"column":2}},"loc":{"start":{"line":171,"column":19},"end":{"line":173,"column":2}},"line":171},"22":{"name":"(anonymous_22)","decl":{"start":{"line":175,"column":1},"end":{"line":175,"column":2}},"loc":{"start":{"line":175,"column":22},"end":{"line":181,"column":2}},"line":175}},"branchMap":{"0":{"loc":{"start":{"line":12,"column":19},"end":{"line":12,"column":65}},"type":"default-arg","locations":[{"start":{"line":12,"column":30},"end":{"line":12,"column":65}}],"line":12},"1":{"loc":{"start":{"line":16,"column":13},"end":{"line":16,"column":60}},"type":"binary-expr","locations":[{"start":{"line":16,"column":13},"end":{"line":16,"column":21}},{"start":{"line":16,"column":25},"end":{"line":16,"column":60}}],"line":16},"2":{"loc":{"start":{"line":17,"column":2},"end":{"line":27,"column":3}},"type":"if","locations":[{"start":{"line":17,"column":2},"end":{"line":27,"column":3}},{"start":{"line":17,"column":2},"end":{"line":27,"column":3}}],"line":17},"3":{"loc":{"start":{"line":20,"column":9},"end":{"line":27,"column":3}},"type":"if","locations":[{"start":{"line":20,"column":9},"end":{"line":27,"column":3}},{"start":{"line":20,"column":9},"end":{"line":27,"column":3}}],"line":20},"4":{"loc":{"start":{"line":20,"column":13},"end":{"line":20,"column":67}},"type":"binary-expr","locations":[{"start":{"line":20,"column":13},"end":{"line":20,"column":39}},{"start":{"line":20,"column":43},"end":{"line":20,"column":67}}],"line":20},"5":{"loc":{"start":{"line":22,"column":19},"end":{"line":22,"column":62}},"type":"binary-expr","locations":[{"start":{"line":22,"column":19},"end":{"line":22,"column":23}},{"start":{"line":22,"column":27},"end":{"line":22,"column":62}}],"line":22},"6":{"loc":{"start":{"line":52,"column":2},"end":{"line":61,"column":3}},"type":"if","locations":[{"start":{"line":52,"column":2},"end":{"line":61,"column":3}},{"start":{"line":52,"column":2},"end":{"line":61,"column":3}}],"line":52},"7":{"loc":{"start":{"line":56,"column":4},"end":{"line":58,"column":5}},"type":"if","locations":[{"start":{"line":56,"column":4},"end":{"line":58,"column":5}},{"start":{"line":56,"column":4},"end":{"line":58,"column":5}}],"line":56},"8":{"loc":{"start":{"line":71,"column":2},"end":{"line":75,"column":3}},"type":"if","locations":[{"start":{"line":71,"column":2},"end":{"line":75,"column":3}},{"start":{"line":71,"column":2},"end":{"line":75,"column":3}}],"line":71},"9":{"loc":{"start":{"line":73,"column":4},"end":{"line":73,"column":54}},"type":"if","locations":[{"start":{"line":73,"column":4},"end":{"line":73,"column":54}},{"start":{"line":73,"column":4},"end":{"line":73,"column":54}}],"line":73},"10":{"loc":{"start":{"line":81,"column":23},"end":{"line":81,"column":58}},"type":"if","locations":[{"start":{"line":81,"column":23},"end":{"line":81,"column":58}},{"start":{"line":81,"column":23},"end":{"line":81,"column":58}}],"line":81},"11":{"loc":{"start":{"line":87,"column":2},"end":{"line":100,"column":3}},"type":"if","locations":[{"start":{"line":87,"column":2},"end":{"line":100,"column":3}},{"start":{"line":87,"column":2},"end":{"line":100,"column":3}}],"line":87},"12":{"loc":{"start":{"line":90,"column":4},"end":{"line":97,"column":5}},"type":"if","locations":[{"start":{"line":90,"column":4},"end":{"line":97,"column":5}},{"start":{"line":90,"column":4},"end":{"line":97,"column":5}}],"line":90},"13":{"loc":{"start":{"line":92,"column":5},"end":{"line":94,"column":6}},"type":"if","locations":[{"start":{"line":92,"column":5},"end":{"line":94,"column":6}},{"start":{"line":92,"column":5},"end":{"line":94,"column":6}}],"line":92},"14":{"loc":{"start":{"line":105,"column":2},"end":{"line":109,"column":3}},"type":"if","locations":[{"start":{"line":105,"column":2},"end":{"line":109,"column":3}},{"start":{"line":105,"column":2},"end":{"line":109,"column":3}}],"line":105},"15":{"loc":{"start":{"line":107,"column":4},"end":{"line":107,"column":57}},"type":"if","locations":[{"start":{"line":107,"column":4},"end":{"line":107,"column":57}},{"start":{"line":107,"column":4},"end":{"line":107,"column":57}}],"line":107},"16":{"loc":{"start":{"line":114,"column":2},"end":{"line":121,"column":3}},"type":"if","locations":[{"start":{"line":114,"column":2},"end":{"line":121,"column":3}},{"start":{"line":114,"column":2},"end":{"line":121,"column":3}}],"line":114},"17":{"loc":{"start":{"line":116,"column":4},"end":{"line":119,"column":5}},"type":"if","locations":[{"start":{"line":116,"column":4},"end":{"line":119,"column":5}},{"start":{"line":116,"column":4},"end":{"line":119,"column":5}}],"line":116},"18":{"loc":{"start":{"line":126,"column":2},"end":{"line":126,"column":42}},"type":"if","locations":[{"start":{"line":126,"column":2},"end":{"line":126,"column":42}},{"start":{"line":126,"column":2},"end":{"line":126,"column":42}}],"line":126},"19":{"loc":{"start":{"line":132,"column":2},"end":{"line":137,"column":3}},"type":"if","locations":[{"start":{"line":132,"column":2},"end":{"line":137,"column":3}},{"start":{"line":132,"column":2},"end":{"line":137,"column":3}}],"line":132},"20":{"loc":{"start":{"line":134,"column":4},"end":{"line":135,"column":47}},"type":"if","locations":[{"start":{"line":134,"column":4},"end":{"line":135,"column":47}},{"start":{"line":134,"column":4},"end":{"line":135,"column":47}}],"line":134}},"s":{"0":8,"1":8,"2":8,"3":54,"4":54,"5":54,"6":54,"7":54,"8":1,"9":53,"10":32,"11":21,"12":21,"13":54,"14":58,"15":145,"16":145,"17":2,"18":5,"19":1,"20":1,"21":141,"22":139,"23":2,"24":2,"25":2,"26":0,"27":139,"28":1,"29":1,"30":118,"31":34,"32":34,"33":34,"34":84,"35":2,"36":4,"37":4,"38":1,"39":1,"40":2,"41":1,"42":1,"43":1,"44":1,"45":1,"46":1,"47":1,"48":1,"49":0,"50":1,"51":33,"52":32,"53":32,"54":32,"55":1,"56":2,"57":1,"58":1,"59":1,"60":1,"61":1,"62":2,"63":1,"64":1,"65":1,"66":18,"67":14,"68":14,"69":14,"70":4,"71":8,"72":1,"73":2,"74":5,"75":1,"76":1,"77":1,"78":1,"79":2,"80":2,"81":8,"82":1,"83":4,"84":7,"85":1,"86":1,"87":1,"88":1,"89":2,"90":2,"91":8},"f":{"0":54,"1":58,"2":2,"3":5,"4":1,"5":1,"6":141,"7":1,"8":118,"9":2,"10":2,"11":33,"12":2,"13":2,"14":18,"15":1,"16":2,"17":1,"18":1,"19":1,"20":4,"21":1,"22":1},"b":{"0":[35],"1":[54,1],"2":[1,53],"3":[32,21],"4":[53,22],"5":[32,1],"6":[139,2],"7":[2,0],"8":[34,84],"9":[34,0],"10":[1,3],"11":[1,1],"12":[1,0],"13":[1,0],"14":[32,1],"15":[32,0],"16":[1,1],"17":[1,0],"18":[1,1],"19":[14,4],"20":[14,0]},"_coverageSchema":"332fd63041d2c1bcb487cc26dd0d5f7d97098a6c","hash":"97101f520bd6fed52e8af7667f9439e8814e4ccf"}
,"C:\\Users\\Goran\\Documents\\linqify\\src\\DataStructures\\HashSet.js": {"path":"C:\\Users\\Goran\\Documents\\linqify\\src\\DataStructures\\HashSet.js","statementMap":{"0":{"start":{"line":1,"column":21},"end":{"line":1,"column":54}},"1":{"start":{"line":3,"column":20},"end":{"line":3,"column":49}},"2":{"start":{"line":4,"column":30},"end":{"line":4,"column":67}},"3":{"start":{"line":5,"column":24},"end":{"line":5,"column":58}},"4":{"start":{"line":15,"column":2},"end":{"line":15,"column":10}},"5":{"start":{"line":16,"column":2},"end":{"line":16,"column":17}},"6":{"start":{"line":17,"column":2},"end":{"line":17,"column":24}},"7":{"start":{"line":18,"column":2},"end":{"line":18,"column":61}},"8":{"start":{"line":19,"column":2},"end":{"line":29,"column":3}},"9":{"start":{"line":21,"column":3},"end":{"line":21,"column":28}},"10":{"start":{"line":22,"column":9},"end":{"line":29,"column":3}},"11":{"start":{"line":24,"column":3},"end":{"line":24,"column":63}},"12":{"start":{"line":27,"column":3},"end":{"line":27,"column":28}},"13":{"start":{"line":28,"column":3},"end":{"line":28,"column":35}},"14":{"start":{"line":28,"column":23},"end":{"line":28,"column":35}},"15":{"start":{"line":33,"column":2},"end":{"line":33,"column":55}},"16":{"start":{"line":33,"column":27},"end":{"line":33,"column":55}},"17":{"start":{"line":33,"column":47},"end":{"line":33,"column":55}},"18":{"start":{"line":37,"column":2},"end":{"line":37,"column":23}},"19":{"start":{"line":41,"column":2},"end":{"line":41,"column":20}},"20":{"start":{"line":45,"column":2},"end":{"line":52,"column":3}},"21":{"start":{"line":46,"column":3},"end":{"line":48,"column":4}},"22":{"start":{"line":47,"column":4},"end":{"line":47,"column":52}},"23":{"start":{"line":47,"column":39},"end":{"line":47,"column":52}},"24":{"start":{"line":49,"column":3},"end":{"line":49,"column":61}},"25":{"start":{"line":51,"column":3},"end":{"line":51,"column":58}},"26":{"start":{"line":53,"column":2},"end":{"line":53,"column":15}},"27":{"start":{"line":54,"column":2},"end":{"line":54,"column":14}},"28":{"start":{"line":58,"column":2},"end":{"line":58,"column":20}},"29":{"start":{"line":59,"column":2},"end":{"line":59,"column":17}},"30":{"start":{"line":63,"column":2},"end":{"line":67,"column":3}},"31":{"start":{"line":64,"column":3},"end":{"line":66,"column":4}},"32":{"start":{"line":65,"column":4},"end":{"line":65,"column":51}},"33":{"start":{"line":65,"column":39},"end":{"line":65,"column":51}},"34":{"start":{"line":68,"column":2},"end":{"line":68,"column":15}},"35":{"start":{"line":72,"column":10},"end":{"line":72,"column":11}},"36":{"start":{"line":73,"column":2},"end":{"line":77,"column":3}},"37":{"start":{"line":74,"column":3},"end":{"line":74,"column":25}},"38":{"start":{"line":74,"column":19},"end":{"line":74,"column":25}},"39":{"start":{"line":75,"column":3},"end":{"line":75,"column":29}},"40":{"start":{"line":76,"column":3},"end":{"line":76,"column":7}},"41":{"start":{"line":81,"column":2},"end":{"line":84,"column":4}},"42":{"start":{"line":82,"column":21},"end":{"line":82,"column":35}},"43":{"start":{"line":83,"column":23},"end":{"line":83,"column":38}},"44":{"start":{"line":89,"column":2},"end":{"line":89,"column":38}},"45":{"start":{"line":89,"column":23},"end":{"line":89,"column":38}},"46":{"start":{"line":94,"column":12},"end":{"line":94,"column":59}},"47":{"start":{"line":95,"column":2},"end":{"line":95,"column":48}},"48":{"start":{"line":95,"column":24},"end":{"line":95,"column":46}},"49":{"start":{"line":99,"column":24},"end":{"line":99,"column":25}},"50":{"start":{"line":100,"column":24},"end":{"line":100,"column":25}},"51":{"start":{"line":101,"column":2},"end":{"line":105,"column":3}},"52":{"start":{"line":102,"column":3},"end":{"line":102,"column":69}},"53":{"start":{"line":103,"column":3},"end":{"line":104,"column":16}},"54":{"start":{"line":104,"column":4},"end":{"line":104,"column":16}},"55":{"start":{"line":106,"column":2},"end":{"line":106,"column":72}},"56":{"start":{"line":110,"column":2},"end":{"line":110,"column":43}},"57":{"start":{"line":110,"column":30},"end":{"line":110,"column":43}},"58":{"start":{"line":111,"column":17},"end":{"line":111,"column":18}},"59":{"start":{"line":112,"column":2},"end":{"line":115,"column":3}},"60":{"start":{"line":113,"column":3},"end":{"line":114,"column":17}},"61":{"start":{"line":114,"column":4},"end":{"line":114,"column":17}},"62":{"start":{"line":116,"column":2},"end":{"line":116,"column":14}},"63":{"start":{"line":120,"column":24},"end":{"line":120,"column":25}},"64":{"start":{"line":121,"column":2},"end":{"line":124,"column":3}},"65":{"start":{"line":122,"column":3},"end":{"line":122,"column":49}},"66":{"start":{"line":122,"column":31},"end":{"line":122,"column":49}},"67":{"start":{"line":123,"column":3},"end":{"line":123,"column":57}},"68":{"start":{"line":123,"column":45},"end":{"line":123,"column":57}},"69":{"start":{"line":125,"column":2},"end":{"line":125,"column":46}},"70":{"start":{"line":129,"column":17},"end":{"line":129,"column":18}},"71":{"start":{"line":130,"column":2},"end":{"line":133,"column":3}},"72":{"start":{"line":131,"column":3},"end":{"line":132,"column":17}},"73":{"start":{"line":132,"column":4},"end":{"line":132,"column":17}},"74":{"start":{"line":134,"column":2},"end":{"line":134,"column":14}},"75":{"start":{"line":138,"column":2},"end":{"line":138,"column":65}},"76":{"start":{"line":138,"column":41},"end":{"line":138,"column":63}},"77":{"start":{"line":142,"column":2},"end":{"line":155,"column":3}},"78":{"start":{"line":143,"column":11},"end":{"line":143,"column":12}},"79":{"start":{"line":144,"column":3},"end":{"line":154,"column":4}},"80":{"start":{"line":145,"column":4},"end":{"line":152,"column":5}},"81":{"start":{"line":146,"column":5},"end":{"line":146,"column":65}},"82":{"start":{"line":147,"column":5},"end":{"line":149,"column":6}},"83":{"start":{"line":148,"column":6},"end":{"line":148,"column":56}},"84":{"start":{"line":150,"column":5},"end":{"line":150,"column":18}},"85":{"start":{"line":151,"column":5},"end":{"line":151,"column":17}},"86":{"start":{"line":153,"column":4},"end":{"line":153,"column":8}},"87":{"start":{"line":156,"column":2},"end":{"line":156,"column":15}},"88":{"start":{"line":160,"column":22},"end":{"line":160,"column":49}},"89":{"start":{"line":161,"column":2},"end":{"line":161,"column":33}},"90":{"start":{"line":162,"column":2},"end":{"line":162,"column":30}},"91":{"start":{"line":166,"column":12},"end":{"line":166,"column":13}},"92":{"start":{"line":167,"column":2},"end":{"line":170,"column":3}},"93":{"start":{"line":168,"column":3},"end":{"line":168,"column":45}},"94":{"start":{"line":168,"column":32},"end":{"line":168,"column":45}},"95":{"start":{"line":169,"column":3},"end":{"line":169,"column":9}},"96":{"start":{"line":171,"column":2},"end":{"line":171,"column":34}},"97":{"start":{"line":175,"column":2},"end":{"line":177,"column":74}},"98":{"start":{"line":177,"column":18},"end":{"line":177,"column":71}},"99":{"start":{"line":181,"column":2},"end":{"line":186,"column":3}},"100":{"start":{"line":182,"column":3},"end":{"line":185,"column":4}},"101":{"start":{"line":183,"column":4},"end":{"line":184,"column":47}},"102":{"start":{"line":184,"column":5},"end":{"line":184,"column":47}},"103":{"start":{"line":187,"column":2},"end":{"line":187,"column":53}},"104":{"start":{"line":191,"column":2},"end":{"line":191,"column":35}},"105":{"start":{"line":191,"column":23},"end":{"line":191,"column":35}},"106":{"start":{"line":195,"column":0},"end":{"line":195,"column":29}}},"fnMap":{"0":{"name":"(anonymous_0)","decl":{"start":{"line":14,"column":1},"end":{"line":14,"column":2}},"loc":{"start":{"line":14,"column":67},"end":{"line":30,"column":2}},"line":14},"1":{"name":"(anonymous_1)","decl":{"start":{"line":32,"column":1},"end":{"line":32,"column":2}},"loc":{"start":{"line":32,"column":22},"end":{"line":34,"column":2}},"line":32},"2":{"name":"(anonymous_2)","decl":{"start":{"line":36,"column":1},"end":{"line":36,"column":2}},"loc":{"start":{"line":36,"column":16},"end":{"line":38,"column":2}},"line":36},"3":{"name":"(anonymous_3)","decl":{"start":{"line":40,"column":1},"end":{"line":40,"column":2}},"loc":{"start":{"line":40,"column":19},"end":{"line":42,"column":2}},"line":40},"4":{"name":"(anonymous_4)","decl":{"start":{"line":44,"column":1},"end":{"line":44,"column":2}},"loc":{"start":{"line":44,"column":11},"end":{"line":55,"column":2}},"line":44},"5":{"name":"(anonymous_5)","decl":{"start":{"line":57,"column":1},"end":{"line":57,"column":2}},"loc":{"start":{"line":57,"column":9},"end":{"line":60,"column":2}},"line":57},"6":{"name":"(anonymous_6)","decl":{"start":{"line":62,"column":1},"end":{"line":62,"column":2}},"loc":{"start":{"line":62,"column":22},"end":{"line":69,"column":2}},"line":62},"7":{"name":"(anonymous_7)","decl":{"start":{"line":71,"column":1},"end":{"line":71,"column":2}},"loc":{"start":{"line":71,"column":51},"end":{"line":78,"column":2}},"line":71},"8":{"name":"(anonymous_8)","decl":{"start":{"line":80,"column":1},"end":{"line":80,"column":2}},"loc":{"start":{"line":80,"column":21},"end":{"line":85,"column":2}},"line":80},"9":{"name":"(anonymous_9)","decl":{"start":{"line":82,"column":11},"end":{"line":82,"column":12}},"loc":{"start":{"line":82,"column":21},"end":{"line":82,"column":35}},"line":82},"10":{"name":"(anonymous_10)","decl":{"start":{"line":83,"column":16},"end":{"line":83,"column":17}},"loc":{"start":{"line":83,"column":23},"end":{"line":83,"column":38}},"line":83},"11":{"name":"(anonymous_11)","decl":{"start":{"line":87,"column":1},"end":{"line":87,"column":2}},"loc":{"start":{"line":87,"column":19},"end":{"line":90,"column":2}},"line":87},"12":{"name":"(anonymous_12)","decl":{"start":{"line":92,"column":1},"end":{"line":92,"column":2}},"loc":{"start":{"line":92,"column":22},"end":{"line":96,"column":2}},"line":92},"13":{"name":"(anonymous_13)","decl":{"start":{"line":95,"column":19},"end":{"line":95,"column":20}},"loc":{"start":{"line":95,"column":24},"end":{"line":95,"column":46}},"line":95},"14":{"name":"(anonymous_14)","decl":{"start":{"line":98,"column":1},"end":{"line":98,"column":2}},"loc":{"start":{"line":98,"column":25},"end":{"line":107,"column":2}},"line":98},"15":{"name":"(anonymous_15)","decl":{"start":{"line":109,"column":1},"end":{"line":109,"column":2}},"loc":{"start":{"line":109,"column":27},"end":{"line":117,"column":2}},"line":109},"16":{"name":"(anonymous_16)","decl":{"start":{"line":119,"column":1},"end":{"line":119,"column":2}},"loc":{"start":{"line":119,"column":19},"end":{"line":126,"column":2}},"line":119},"17":{"name":"(anonymous_17)","decl":{"start":{"line":128,"column":1},"end":{"line":128,"column":2}},"loc":{"start":{"line":128,"column":21},"end":{"line":135,"column":2}},"line":128},"18":{"name":"(anonymous_18)","decl":{"start":{"line":137,"column":1},"end":{"line":137,"column":2}},"loc":{"start":{"line":137,"column":17},"end":{"line":139,"column":2}},"line":137},"19":{"name":"(anonymous_19)","decl":{"start":{"line":138,"column":36},"end":{"line":138,"column":37}},"loc":{"start":{"line":138,"column":41},"end":{"line":138,"column":63}},"line":138},"20":{"name":"(anonymous_20)","decl":{"start":{"line":141,"column":1},"end":{"line":141,"column":2}},"loc":{"start":{"line":141,"column":14},"end":{"line":157,"column":2}},"line":141},"21":{"name":"(anonymous_21)","decl":{"start":{"line":159,"column":1},"end":{"line":159,"column":2}},"loc":{"start":{"line":159,"column":20},"end":{"line":163,"column":2}},"line":159},"22":{"name":"(anonymous_22)","decl":{"start":{"line":165,"column":1},"end":{"line":165,"column":2}},"loc":{"start":{"line":165,"column":18},"end":{"line":172,"column":2}},"line":165},"23":{"name":"(anonymous_23)","decl":{"start":{"line":174,"column":1},"end":{"line":174,"column":2}},"loc":{"start":{"line":174,"column":28},"end":{"line":178,"column":2}},"line":174},"24":{"name":"(anonymous_24)","decl":{"start":{"line":177,"column":12},"end":{"line":177,"column":13}},"loc":{"start":{"line":177,"column":18},"end":{"line":177,"column":71}},"line":177},"25":{"name":"(anonymous_25)","decl":{"start":{"line":180,"column":1},"end":{"line":180,"column":2}},"loc":{"start":{"line":180,"column":25},"end":{"line":188,"column":2}},"line":180},"26":{"name":"(anonymous_26)","decl":{"start":{"line":190,"column":1},"end":{"line":190,"column":2}},"loc":{"start":{"line":190,"column":18},"end":{"line":192,"column":2}},"line":190}},"branchMap":{"0":{"loc":{"start":{"line":14,"column":19},"end":{"line":14,"column":65}},"type":"default-arg","locations":[{"start":{"line":14,"column":30},"end":{"line":14,"column":65}}],"line":14},"1":{"loc":{"start":{"line":18,"column":13},"end":{"line":18,"column":60}},"type":"binary-expr","locations":[{"start":{"line":18,"column":13},"end":{"line":18,"column":21}},{"start":{"line":18,"column":25},"end":{"line":18,"column":60}}],"line":18},"2":{"loc":{"start":{"line":19,"column":2},"end":{"line":29,"column":3}},"type":"if","locations":[{"start":{"line":19,"column":2},"end":{"line":29,"column":3}},{"start":{"line":19,"column":2},"end":{"line":29,"column":3}}],"line":19},"3":{"loc":{"start":{"line":22,"column":9},"end":{"line":29,"column":3}},"type":"if","locations":[{"start":{"line":22,"column":9},"end":{"line":29,"column":3}},{"start":{"line":22,"column":9},"end":{"line":29,"column":3}}],"line":22},"4":{"loc":{"start":{"line":22,"column":13},"end":{"line":22,"column":67}},"type":"binary-expr","locations":[{"start":{"line":22,"column":13},"end":{"line":22,"column":39}},{"start":{"line":22,"column":43},"end":{"line":22,"column":67}}],"line":22},"5":{"loc":{"start":{"line":24,"column":19},"end":{"line":24,"column":62}},"type":"binary-expr","locations":[{"start":{"line":24,"column":19},"end":{"line":24,"column":23}},{"start":{"line":24,"column":27},"end":{"line":24,"column":62}}],"line":24},"6":{"loc":{"start":{"line":45,"column":2},"end":{"line":52,"column":3}},"type":"if","locations":[{"start":{"line":45,"column":2},"end":{"line":52,"column":3}},{"start":{"line":45,"column":2},"end":{"line":52,"column":3}}],"line":45},"7":{"loc":{"start":{"line":47,"column":4},"end":{"line":47,"column":52}},"type":"if","locations":[{"start":{"line":47,"column":4},"end":{"line":47,"column":52}},{"start":{"line":47,"column":4},"end":{"line":47,"column":52}}],"line":47},"8":{"loc":{"start":{"line":63,"column":2},"end":{"line":67,"column":3}},"type":"if","locations":[{"start":{"line":63,"column":2},"end":{"line":67,"column":3}},{"start":{"line":63,"column":2},"end":{"line":67,"column":3}}],"line":63},"9":{"loc":{"start":{"line":65,"column":4},"end":{"line":65,"column":51}},"type":"if","locations":[{"start":{"line":65,"column":4},"end":{"line":65,"column":51}},{"start":{"line":65,"column":4},"end":{"line":65,"column":51}}],"line":65},"10":{"loc":{"start":{"line":71,"column":15},"end":{"line":71,"column":29}},"type":"default-arg","locations":[{"start":{"line":71,"column":28},"end":{"line":71,"column":29}}],"line":71},"11":{"loc":{"start":{"line":71,"column":31},"end":{"line":71,"column":49}},"type":"default-arg","locations":[{"start":{"line":71,"column":39},"end":{"line":71,"column":49}}],"line":71},"12":{"loc":{"start":{"line":74,"column":3},"end":{"line":74,"column":25}},"type":"if","locations":[{"start":{"line":74,"column":3},"end":{"line":74,"column":25}},{"start":{"line":74,"column":3},"end":{"line":74,"column":25}}],"line":74},"13":{"loc":{"start":{"line":102,"column":3},"end":{"line":102,"column":68}},"type":"cond-expr","locations":[{"start":{"line":102,"column":28},"end":{"line":102,"column":45}},{"start":{"line":102,"column":48},"end":{"line":102,"column":68}}],"line":102},"14":{"loc":{"start":{"line":103,"column":3},"end":{"line":104,"column":16}},"type":"if","locations":[{"start":{"line":103,"column":3},"end":{"line":104,"column":16}},{"start":{"line":103,"column":3},"end":{"line":104,"column":16}}],"line":103},"15":{"loc":{"start":{"line":103,"column":7},"end":{"line":103,"column":69}},"type":"binary-expr","locations":[{"start":{"line":103,"column":7},"end":{"line":103,"column":43}},{"start":{"line":103,"column":47},"end":{"line":103,"column":69}}],"line":103},"16":{"loc":{"start":{"line":106,"column":9},"end":{"line":106,"column":71}},"type":"binary-expr","locations":[{"start":{"line":106,"column":9},"end":{"line":106,"column":45}},{"start":{"line":106,"column":49},"end":{"line":106,"column":71}}],"line":106},"17":{"loc":{"start":{"line":110,"column":2},"end":{"line":110,"column":43}},"type":"if","locations":[{"start":{"line":110,"column":2},"end":{"line":110,"column":43}},{"start":{"line":110,"column":2},"end":{"line":110,"column":43}}],"line":110},"18":{"loc":{"start":{"line":113,"column":3},"end":{"line":114,"column":17}},"type":"if","locations":[{"start":{"line":113,"column":3},"end":{"line":114,"column":17}},{"start":{"line":113,"column":3},"end":{"line":114,"column":17}}],"line":113},"19":{"loc":{"start":{"line":113,"column":7},"end":{"line":113,"column":64}},"type":"binary-expr","locations":[{"start":{"line":113,"column":7},"end":{"line":113,"column":30}},{"start":{"line":113,"column":34},"end":{"line":113,"column":64}}],"line":113},"20":{"loc":{"start":{"line":122,"column":3},"end":{"line":122,"column":49}},"type":"if","locations":[{"start":{"line":122,"column":3},"end":{"line":122,"column":49}},{"start":{"line":122,"column":3},"end":{"line":122,"column":49}}],"line":122},"21":{"loc":{"start":{"line":123,"column":3},"end":{"line":123,"column":57}},"type":"if","locations":[{"start":{"line":123,"column":3},"end":{"line":123,"column":57}},{"start":{"line":123,"column":3},"end":{"line":123,"column":57}}],"line":123},"22":{"loc":{"start":{"line":131,"column":3},"end":{"line":132,"column":17}},"type":"if","locations":[{"start":{"line":131,"column":3},"end":{"line":132,"column":17}},{"start":{"line":131,"column":3},"end":{"line":132,"column":17}}],"line":131},"23":{"loc":{"start":{"line":131,"column":7},"end":{"line":131,"column":63}},"type":"binary-expr","locations":[{"start":{"line":131,"column":7},"end":{"line":131,"column":30}},{"start":{"line":131,"column":34},"end":{"line":131,"column":63}}],"line":131},"24":{"loc":{"start":{"line":142,"column":2},"end":{"line":155,"column":3}},"type":"if","locations":[{"start":{"line":142,"column":2},"end":{"line":155,"column":3}},{"start":{"line":142,"column":2},"end":{"line":155,"column":3}}],"line":142},"25":{"loc":{"start":{"line":145,"column":4},"end":{"line":152,"column":5}},"type":"if","locations":[{"start":{"line":145,"column":4},"end":{"line":152,"column":5}},{"start":{"line":145,"column":4},"end":{"line":152,"column":5}}],"line":145},"26":{"loc":{"start":{"line":147,"column":5},"end":{"line":149,"column":6}},"type":"if","locations":[{"start":{"line":147,"column":5},"end":{"line":149,"column":6}},{"start":{"line":147,"column":5},"end":{"line":149,"column":6}}],"line":147},"27":{"loc":{"start":{"line":168,"column":3},"end":{"line":168,"column":45}},"type":"if","locations":[{"start":{"line":168,"column":3},"end":{"line":168,"column":45}},{"start":{"line":168,"column":3},"end":{"line":168,"column":45}}],"line":168},"28":{"loc":{"start":{"line":177,"column":18},"end":{"line":177,"column":71}},"type":"cond-expr","locations":[{"start":{"line":177,"column":43},"end":{"line":177,"column":57}},{"start":{"line":177,"column":60},"end":{"line":177,"column":71}}],"line":177},"29":{"loc":{"start":{"line":181,"column":2},"end":{"line":186,"column":3}},"type":"if","locations":[{"start":{"line":181,"column":2},"end":{"line":186,"column":3}},{"start":{"line":181,"column":2},"end":{"line":186,"column":3}}],"line":181},"30":{"loc":{"start":{"line":183,"column":4},"end":{"line":184,"column":47}},"type":"if","locations":[{"start":{"line":183,"column":4},"end":{"line":184,"column":47}},{"start":{"line":183,"column":4},"end":{"line":184,"column":47}}],"line":183}},"s":{"0":8,"1":8,"2":8,"3":8,"4":79,"5":79,"6":79,"7":79,"8":79,"9":1,"10":78,"11":42,"12":36,"13":36,"14":136,"15":61,"16":187,"17":187,"18":1,"19":45,"20":319,"21":66,"22":66,"23":66,"24":0,"25":253,"26":253,"27":253,"28":1,"29":1,"30":63,"31":53,"32":53,"33":53,"34":10,"35":2,"36":2,"37":6,"38":1,"39":5,"40":5,"41":1,"42":3,"43":0,"44":3,"45":8,"46":1,"47":1,"48":3,"49":2,"50":2,"51":2,"52":7,"53":7,"54":1,"55":1,"56":2,"57":0,"58":2,"59":2,"60":5,"61":1,"62":1,"63":3,"64":3,"65":9,"66":8,"67":9,"68":2,"69":1,"70":3,"71":3,"72":9,"73":1,"74":2,"75":2,"76":4,"77":19,"78":17,"79":17,"80":17,"81":17,"82":17,"83":17,"84":17,"85":17,"86":0,"87":2,"88":2,"89":2,"90":2,"91":5,"92":5,"93":20,"94":0,"95":20,"96":5,"97":1,"98":3,"99":12,"100":6,"101":6,"102":6,"103":6,"104":1,"105":3,"106":8},"f":{"0":79,"1":61,"2":1,"3":45,"4":319,"5":1,"6":63,"7":2,"8":1,"9":3,"10":0,"11":3,"12":1,"13":3,"14":2,"15":2,"16":3,"17":3,"18":2,"19":4,"20":19,"21":2,"22":5,"23":1,"24":3,"25":12,"26":1},"b":{"0":[47],"1":[79,1],"2":[1,78],"3":[42,36],"4":[78,37],"5":[42,1],"6":[66,253],"7":[66,0],"8":[53,10],"9":[53,0],"10":[0],"11":[1],"12":[1,5],"13":[6,1],"14":[1,6],"15":[7,3],"16":[1,1],"17":[0,2],"18":[1,4],"19":[5,5],"20":[8,1],"21":[2,7],"22":[1,8],"23":[9,8],"24":[17,2],"25":[17,0],"26":[17,0],"27":[0,20],"28":[2,1],"29":[6,6],"30":[6,0]},"_coverageSchema":"332fd63041d2c1bcb487cc26dd0d5f7d97098a6c","hash":"3513b40863f9a922211c7f90359efa575251c726"}
,"C:\\Users\\Goran\\Documents\\linqify\\src\\DataStructures\\Lookup.js": {"path":"C:\\Users\\Goran\\Documents\\linqify\\src\\DataStructures\\Lookup.js","statementMap":{"0":{"start":{"line":1,"column":30},"end":{"line":1,"column":67}},"1":{"start":{"line":2,"column":24},"end":{"line":2,"column":58}},"2":{"start":{"line":3,"column":23},"end":{"line":3,"column":56}},"3":{"start":{"line":4,"column":23},"end":{"line":4,"column":46}},"4":{"start":{"line":5,"column":22},"end":{"line":5,"column":54}},"5":{"start":{"line":9,"column":2},"end":{"line":9,"column":10}},"6":{"start":{"line":10,"column":2},"end":{"line":10,"column":27}},"7":{"start":{"line":11,"column":2},"end":{"line":11,"column":17}},"8":{"start":{"line":12,"column":2},"end":{"line":12,"column":39}},"9":{"start":{"line":14,"column":12},"end":{"line":21,"column":3}},"10":{"start":{"line":15,"column":3},"end":{"line":20,"column":4}},"11":{"start":{"line":16,"column":4},"end":{"line":16,"column":34}},"12":{"start":{"line":17,"column":4},"end":{"line":17,"column":17}},"13":{"start":{"line":19,"column":4},"end":{"line":19,"column":37}},"14":{"start":{"line":23,"column":2},"end":{"line":23,"column":44}},"15":{"start":{"line":23,"column":24},"end":{"line":23,"column":44}},"16":{"start":{"line":27,"column":2},"end":{"line":27,"column":63}},"17":{"start":{"line":27,"column":27},"end":{"line":27,"column":63}},"18":{"start":{"line":31,"column":2},"end":{"line":31,"column":20}},"19":{"start":{"line":35,"column":17},"end":{"line":35,"column":43}},"20":{"start":{"line":37,"column":2},"end":{"line":39,"column":24}},"21":{"start":{"line":43,"column":2},"end":{"line":43,"column":52}},"22":{"start":{"line":43,"column":26},"end":{"line":43,"column":50}},"23":{"start":{"line":47,"column":2},"end":{"line":47,"column":36}},"24":{"start":{"line":51,"column":0},"end":{"line":51,"column":28}}},"fnMap":{"0":{"name":"(anonymous_0)","decl":{"start":{"line":8,"column":1},"end":{"line":8,"column":2}},"loc":{"start":{"line":8,"column":69},"end":{"line":24,"column":2}},"line":8},"1":{"name":"(anonymous_1)","decl":{"start":{"line":14,"column":12},"end":{"line":14,"column":13}},"loc":{"start":{"line":14,"column":30},"end":{"line":21,"column":3}},"line":14},"2":{"name":"(anonymous_2)","decl":{"start":{"line":26,"column":1},"end":{"line":26,"column":2}},"loc":{"start":{"line":26,"column":22},"end":{"line":28,"column":2}},"line":26},"3":{"name":"(anonymous_3)","decl":{"start":{"line":30,"column":1},"end":{"line":30,"column":2}},"loc":{"start":{"line":30,"column":19},"end":{"line":32,"column":2}},"line":30},"4":{"name":"(anonymous_4)","decl":{"start":{"line":34,"column":1},"end":{"line":34,"column":2}},"loc":{"start":{"line":34,"column":10},"end":{"line":40,"column":2}},"line":34},"5":{"name":"(anonymous_5)","decl":{"start":{"line":42,"column":1},"end":{"line":42,"column":2}},"loc":{"start":{"line":42,"column":37},"end":{"line":44,"column":2}},"line":42},"6":{"name":"(anonymous_6)","decl":{"start":{"line":43,"column":21},"end":{"line":43,"column":22}},"loc":{"start":{"line":43,"column":26},"end":{"line":43,"column":50}},"line":43},"7":{"name":"(anonymous_7)","decl":{"start":{"line":46,"column":1},"end":{"line":46,"column":2}},"loc":{"start":{"line":46,"column":21},"end":{"line":48,"column":2}},"line":46}},"branchMap":{"0":{"loc":{"start":{"line":8,"column":21},"end":{"line":8,"column":67}},"type":"default-arg","locations":[{"start":{"line":8,"column":32},"end":{"line":8,"column":67}}],"line":8},"1":{"loc":{"start":{"line":15,"column":3},"end":{"line":20,"column":4}},"type":"if","locations":[{"start":{"line":15,"column":3},"end":{"line":20,"column":4}},{"start":{"line":15,"column":3},"end":{"line":20,"column":4}}],"line":15},"2":{"loc":{"start":{"line":37,"column":9},"end":{"line":39,"column":23}},"type":"cond-expr","locations":[{"start":{"line":38,"column":5},"end":{"line":38,"column":36}},{"start":{"line":39,"column":5},"end":{"line":39,"column":23}}],"line":37}},"s":{"0":8,"1":8,"2":8,"3":8,"4":8,"5":30,"6":30,"7":30,"8":30,"9":30,"10":112,"11":81,"12":81,"13":31,"14":30,"15":112,"16":28,"17":72,"18":1,"19":16,"20":16,"21":1,"22":3,"23":2,"24":8},"f":{"0":30,"1":112,"2":28,"3":1,"4":16,"5":1,"6":3,"7":2},"b":{"0":[0],"1":[81,31],"2":[13,3]},"_coverageSchema":"332fd63041d2c1bcb487cc26dd0d5f7d97098a6c","hash":"59eeb512ac90bbbfb9c9eff1584cc1304d80fac5"}
,"C:\\Users\\Goran\\Documents\\linqify\\src\\Methods\\Methods.js": {"path":"C:\\Users\\Goran\\Documents\\linqify\\src\\Methods\\Methods.js","statementMap":{"0":{"start":{"line":3,"column":32},"end":{"line":3,"column":61}},"1":{"start":{"line":4,"column":30},"end":{"line":4,"column":67}},"2":{"start":{"line":6,"column":23},"end":{"line":6,"column":56}},"3":{"start":{"line":7,"column":20},"end":{"line":7,"column":56}},"4":{"start":{"line":8,"column":23},"end":{"line":8,"column":62}},"5":{"start":{"line":9,"column":19},"end":{"line":9,"column":54}},"6":{"start":{"line":11,"column":13},"end":{"line":11,"column":33}},"7":{"start":{"line":17,"column":0},"end":{"line":35,"column":3}},"8":{"start":{"line":17,"column":63},"end":{"line":17,"column":64}},"9":{"start":{"line":19,"column":20},"end":{"line":19,"column":43}},"10":{"start":{"line":20,"column":11},"end":{"line":20,"column":30}},"11":{"start":{"line":21,"column":1},"end":{"line":21,"column":51}},"12":{"start":{"line":21,"column":15},"end":{"line":21,"column":51}},"13":{"start":{"line":22,"column":1},"end":{"line":30,"column":2}},"14":{"start":{"line":24,"column":2},"end":{"line":24,"column":40}},"15":{"start":{"line":25,"column":2},"end":{"line":25,"column":13}},"16":{"start":{"line":28,"column":2},"end":{"line":28,"column":14}},"17":{"start":{"line":29,"column":2},"end":{"line":29,"column":13}},"18":{"start":{"line":32,"column":1},"end":{"line":32,"column":41}},"19":{"start":{"line":32,"column":21},"end":{"line":32,"column":41}},"20":{"start":{"line":34,"column":1},"end":{"line":34,"column":29}},"21":{"start":{"line":37,"column":0},"end":{"line":42,"column":3}},"22":{"start":{"line":38,"column":1},"end":{"line":40,"column":2}},"23":{"start":{"line":39,"column":2},"end":{"line":39,"column":34}},"24":{"start":{"line":39,"column":21},"end":{"line":39,"column":34}},"25":{"start":{"line":41,"column":1},"end":{"line":41,"column":13}},"26":{"start":{"line":44,"column":0},"end":{"line":47,"column":3}},"27":{"start":{"line":44,"column":41},"end":{"line":44,"column":45}},"28":{"start":{"line":45,"column":1},"end":{"line":45,"column":51}},"29":{"start":{"line":45,"column":21},"end":{"line":45,"column":51}},"30":{"start":{"line":45,"column":39},"end":{"line":45,"column":51}},"31":{"start":{"line":46,"column":1},"end":{"line":46,"column":14}},"32":{"start":{"line":49,"column":0},"end":{"line":52,"column":3}},"33":{"start":{"line":50,"column":1},"end":{"line":50,"column":13}},"34":{"start":{"line":51,"column":1},"end":{"line":51,"column":15}},"35":{"start":{"line":54,"column":0},"end":{"line":56,"column":3}},"36":{"start":{"line":55,"column":1},"end":{"line":55,"column":13}},"37":{"start":{"line":58,"column":0},"end":{"line":68,"column":3}},"38":{"start":{"line":58,"column":43},"end":{"line":58,"column":44}},"39":{"start":{"line":59,"column":13},"end":{"line":59,"column":14}},"40":{"start":{"line":60,"column":11},"end":{"line":60,"column":12}},"41":{"start":{"line":61,"column":1},"end":{"line":66,"column":2}},"42":{"start":{"line":62,"column":2},"end":{"line":65,"column":3}},"43":{"start":{"line":63,"column":3},"end":{"line":63,"column":11}},"44":{"start":{"line":64,"column":3},"end":{"line":64,"column":22}},"45":{"start":{"line":67,"column":1},"end":{"line":67,"column":20}},"46":{"start":{"line":70,"column":0},"end":{"line":72,"column":3}},"47":{"start":{"line":71,"column":1},"end":{"line":71,"column":13}},"48":{"start":{"line":74,"column":0},"end":{"line":78,"column":3}},"49":{"start":{"line":75,"column":1},"end":{"line":75,"column":67}},"50":{"start":{"line":75,"column":44},"end":{"line":75,"column":67}},"51":{"start":{"line":76,"column":1},"end":{"line":76,"column":13}},"52":{"start":{"line":77,"column":1},"end":{"line":77,"column":15}},"53":{"start":{"line":80,"column":0},"end":{"line":86,"column":3}},"54":{"start":{"line":84,"column":1},"end":{"line":84,"column":64}},"55":{"start":{"line":84,"column":21},"end":{"line":84,"column":64}},"56":{"start":{"line":84,"column":52},"end":{"line":84,"column":64}},"57":{"start":{"line":85,"column":1},"end":{"line":85,"column":14}},"58":{"start":{"line":88,"column":0},"end":{"line":93,"column":3}},"59":{"start":{"line":88,"column":43},"end":{"line":88,"column":47}},"60":{"start":{"line":89,"column":11},"end":{"line":89,"column":12}},"61":{"start":{"line":91,"column":1},"end":{"line":91,"column":45}},"62":{"start":{"line":91,"column":21},"end":{"line":91,"column":45}},"63":{"start":{"line":91,"column":39},"end":{"line":91,"column":45}},"64":{"start":{"line":92,"column":1},"end":{"line":92,"column":12}},"65":{"start":{"line":95,"column":0},"end":{"line":99,"column":3}},"66":{"start":{"line":96,"column":11},"end":{"line":96,"column":41}},"67":{"start":{"line":97,"column":1},"end":{"line":98,"column":18}},"68":{"start":{"line":97,"column":15},"end":{"line":97,"column":34}},"69":{"start":{"line":98,"column":6},"end":{"line":98,"column":18}},"70":{"start":{"line":101,"column":0},"end":{"line":104,"column":3}},"71":{"start":{"line":102,"column":15},"end":{"line":102,"column":36}},"72":{"start":{"line":103,"column":1},"end":{"line":103,"column":49}},"73":{"start":{"line":103,"column":21},"end":{"line":103,"column":49}},"74":{"start":{"line":103,"column":41},"end":{"line":103,"column":49}},"75":{"start":{"line":106,"column":0},"end":{"line":114,"column":3}},"76":{"start":{"line":107,"column":1},"end":{"line":112,"column":2}},"77":{"start":{"line":108,"column":12},"end":{"line":108,"column":13}},"78":{"start":{"line":109,"column":2},"end":{"line":111,"column":3}},"79":{"start":{"line":110,"column":3},"end":{"line":110,"column":33}},"80":{"start":{"line":110,"column":24},"end":{"line":110,"column":33}},"81":{"start":{"line":113,"column":1},"end":{"line":113,"column":22}},"82":{"start":{"line":116,"column":0},"end":{"line":122,"column":3}},"83":{"start":{"line":117,"column":11},"end":{"line":117,"column":12}},"84":{"start":{"line":118,"column":1},"end":{"line":120,"column":2}},"85":{"start":{"line":119,"column":2},"end":{"line":119,"column":32}},"86":{"start":{"line":119,"column":23},"end":{"line":119,"column":32}},"87":{"start":{"line":121,"column":1},"end":{"line":121,"column":21}},"88":{"start":{"line":124,"column":0},"end":{"line":130,"column":3}},"89":{"start":{"line":128,"column":11},"end":{"line":128,"column":54}},"90":{"start":{"line":129,"column":1},"end":{"line":129,"column":45}},"91":{"start":{"line":129,"column":21},"end":{"line":129,"column":45}},"92":{"start":{"line":129,"column":37},"end":{"line":129,"column":45}},"93":{"start":{"line":132,"column":0},"end":{"line":135,"column":3}},"94":{"start":{"line":132,"column":43},"end":{"line":132,"column":47}},"95":{"start":{"line":133,"column":1},"end":{"line":133,"column":48}},"96":{"start":{"line":133,"column":21},"end":{"line":133,"column":48}},"97":{"start":{"line":133,"column":39},"end":{"line":133,"column":48}},"98":{"start":{"line":134,"column":1},"end":{"line":134,"column":26}},"99":{"start":{"line":137,"column":0},"end":{"line":140,"column":3}},"100":{"start":{"line":137,"column":52},"end":{"line":137,"column":56}},"101":{"start":{"line":138,"column":1},"end":{"line":138,"column":48}},"102":{"start":{"line":138,"column":21},"end":{"line":138,"column":48}},"103":{"start":{"line":138,"column":39},"end":{"line":138,"column":48}},"104":{"start":{"line":139,"column":1},"end":{"line":139,"column":21}},"105":{"start":{"line":142,"column":0},"end":{"line":145,"column":3}},"106":{"start":{"line":143,"column":11},"end":{"line":143,"column":12}},"107":{"start":{"line":144,"column":1},"end":{"line":144,"column":40}},"108":{"start":{"line":144,"column":21},"end":{"line":144,"column":40}},"109":{"start":{"line":157,"column":0},"end":{"line":188,"column":3}},"110":{"start":{"line":163,"column":23},"end":{"line":163,"column":29}},"111":{"start":{"line":163,"column":28},"end":{"line":163,"column":29}},"112":{"start":{"line":164,"column":22},"end":{"line":164,"column":49}},"113":{"start":{"line":164,"column":41},"end":{"line":164,"column":49}},"114":{"start":{"line":165,"column":1},"end":{"line":183,"column":2}},"115":{"start":{"line":167,"column":8},"end":{"line":183,"column":2}},"116":{"start":{"line":169,"column":2},"end":{"line":169,"column":18}},"117":{"start":{"line":170,"column":8},"end":{"line":183,"column":2}},"118":{"start":{"line":172,"column":2},"end":{"line":172,"column":25}},"119":{"start":{"line":173,"column":2},"end":{"line":177,"column":3}},"120":{"start":{"line":174,"column":3},"end":{"line":176,"column":30}},"121":{"start":{"line":174,"column":35},"end":{"line":174,"column":51}},"122":{"start":{"line":176,"column":8},"end":{"line":176,"column":30}},"123":{"start":{"line":179,"column":8},"end":{"line":183,"column":2}},"124":{"start":{"line":181,"column":2},"end":{"line":181,"column":24}},"125":{"start":{"line":182,"column":2},"end":{"line":182,"column":50}},"126":{"start":{"line":182,"column":34},"end":{"line":182,"column":50}},"127":{"start":{"line":185,"column":1},"end":{"line":187,"column":3}},"128":{"start":{"line":186,"column":2},"end":{"line":186,"column":26}},"129":{"start":{"line":191,"column":0},"end":{"line":203,"column":3}},"130":{"start":{"line":198,"column":14},"end":{"line":198,"column":73}},"131":{"start":{"line":199,"column":1},"end":{"line":201,"column":2}},"132":{"start":{"line":200,"column":2},"end":{"line":200,"column":75}},"133":{"start":{"line":205,"column":0},"end":{"line":217,"column":3}},"134":{"start":{"line":209,"column":13},"end":{"line":209,"column":37}},"135":{"start":{"line":210,"column":1},"end":{"line":216,"column":2}},"136":{"start":{"line":211,"column":12},"end":{"line":211,"column":32}},"137":{"start":{"line":212,"column":2},"end":{"line":215,"column":3}},"138":{"start":{"line":213,"column":3},"end":{"line":213,"column":19}},"139":{"start":{"line":214,"column":3},"end":{"line":214,"column":25}},"140":{"start":{"line":220,"column":0},"end":{"line":234,"column":3}},"141":{"start":{"line":227,"column":14},"end":{"line":227,"column":73}},"142":{"start":{"line":228,"column":1},"end":{"line":232,"column":2}},"143":{"start":{"line":229,"column":2},"end":{"line":231,"column":3}},"144":{"start":{"line":230,"column":3},"end":{"line":230,"column":46}},"145":{"start":{"line":236,"column":0},"end":{"line":246,"column":3}},"146":{"start":{"line":236,"column":42},"end":{"line":236,"column":46}},"147":{"start":{"line":238,"column":16},"end":{"line":238,"column":20}},"148":{"start":{"line":239,"column":1},"end":{"line":243,"column":3}},"149":{"start":{"line":240,"column":2},"end":{"line":243,"column":3}},"150":{"start":{"line":241,"column":3},"end":{"line":241,"column":12}},"151":{"start":{"line":242,"column":3},"end":{"line":242,"column":20}},"152":{"start":{"line":244,"column":1},"end":{"line":244,"column":39}},"153":{"start":{"line":244,"column":15},"end":{"line":244,"column":39}},"154":{"start":{"line":245,"column":1},"end":{"line":245,"column":13}},"155":{"start":{"line":248,"column":0},"end":{"line":252,"column":3}},"156":{"start":{"line":248,"column":51},"end":{"line":248,"column":55}},"157":{"start":{"line":249,"column":12},"end":{"line":249,"column":24}},"158":{"start":{"line":250,"column":1},"end":{"line":250,"column":48}},"159":{"start":{"line":250,"column":21},"end":{"line":250,"column":48}},"160":{"start":{"line":250,"column":39},"end":{"line":250,"column":48}},"161":{"start":{"line":251,"column":1},"end":{"line":251,"column":13}},"162":{"start":{"line":254,"column":0},"end":{"line":263,"column":3}},"163":{"start":{"line":254,"column":39},"end":{"line":254,"column":40}},"164":{"start":{"line":255,"column":20},"end":{"line":255,"column":43}},"165":{"start":{"line":256,"column":11},"end":{"line":256,"column":30}},"166":{"start":{"line":257,"column":1},"end":{"line":257,"column":51}},"167":{"start":{"line":257,"column":15},"end":{"line":257,"column":51}},"168":{"start":{"line":258,"column":13},"end":{"line":258,"column":32}},"169":{"start":{"line":260,"column":1},"end":{"line":260,"column":66}},"170":{"start":{"line":260,"column":21},"end":{"line":260,"column":66}},"171":{"start":{"line":260,"column":46},"end":{"line":260,"column":66}},"172":{"start":{"line":262,"column":1},"end":{"line":262,"column":14}},"173":{"start":{"line":265,"column":0},"end":{"line":274,"column":3}},"174":{"start":{"line":265,"column":39},"end":{"line":265,"column":40}},"175":{"start":{"line":266,"column":20},"end":{"line":266,"column":43}},"176":{"start":{"line":267,"column":11},"end":{"line":267,"column":30}},"177":{"start":{"line":268,"column":1},"end":{"line":268,"column":51}},"178":{"start":{"line":268,"column":15},"end":{"line":268,"column":51}},"179":{"start":{"line":269,"column":13},"end":{"line":269,"column":32}},"180":{"start":{"line":271,"column":1},"end":{"line":271,"column":66}},"181":{"start":{"line":271,"column":21},"end":{"line":271,"column":66}},"182":{"start":{"line":271,"column":46},"end":{"line":271,"column":66}},"183":{"start":{"line":273,"column":1},"end":{"line":273,"column":14}},"184":{"start":{"line":276,"column":0},"end":{"line":278,"column":3}},"185":{"start":{"line":277,"column":1},"end":{"line":277,"column":45}},"186":{"start":{"line":277,"column":24},"end":{"line":277,"column":43}},"187":{"start":{"line":280,"column":0},"end":{"line":283,"column":3}},"188":{"start":{"line":281,"column":1},"end":{"line":281,"column":15}},"189":{"start":{"line":282,"column":1},"end":{"line":282,"column":13}},"190":{"start":{"line":285,"column":0},"end":{"line":289,"column":3}},"191":{"start":{"line":286,"column":11},"end":{"line":286,"column":20}},"192":{"start":{"line":287,"column":9},"end":{"line":287,"column":19}},"193":{"start":{"line":288,"column":1},"end":{"line":288,"column":26}},"194":{"start":{"line":288,"column":13},"end":{"line":288,"column":26}},"195":{"start":{"line":291,"column":0},"end":{"line":294,"column":3}},"196":{"start":{"line":292,"column":11},"end":{"line":292,"column":12}},"197":{"start":{"line":293,"column":1},"end":{"line":293,"column":46}},"198":{"start":{"line":293,"column":21},"end":{"line":293,"column":46}},"199":{"start":{"line":302,"column":0},"end":{"line":312,"column":3}},"200":{"start":{"line":304,"column":34},"end":{"line":304,"column":38}},"201":{"start":{"line":306,"column":11},"end":{"line":306,"column":12}},"202":{"start":{"line":307,"column":1},"end":{"line":311,"column":2}},"203":{"start":{"line":308,"column":2},"end":{"line":310,"column":3}},"204":{"start":{"line":309,"column":3},"end":{"line":309,"column":36}},"205":{"start":{"line":314,"column":0},"end":{"line":328,"column":3}},"206":{"start":{"line":318,"column":20},"end":{"line":318,"column":43}},"207":{"start":{"line":319,"column":22},"end":{"line":319,"column":47}},"208":{"start":{"line":321,"column":1},"end":{"line":327,"column":2}},"209":{"start":{"line":322,"column":13},"end":{"line":322,"column":32}},"210":{"start":{"line":323,"column":13},"end":{"line":323,"column":34}},"211":{"start":{"line":324,"column":2},"end":{"line":324,"column":43}},"212":{"start":{"line":324,"column":30},"end":{"line":324,"column":43}},"213":{"start":{"line":325,"column":2},"end":{"line":325,"column":29}},"214":{"start":{"line":325,"column":17},"end":{"line":325,"column":29}},"215":{"start":{"line":326,"column":2},"end":{"line":326,"column":61}},"216":{"start":{"line":326,"column":48},"end":{"line":326,"column":61}},"217":{"start":{"line":330,"column":0},"end":{"line":336,"column":3}},"218":{"start":{"line":330,"column":44},"end":{"line":330,"column":48}},"219":{"start":{"line":331,"column":20},"end":{"line":331,"column":60}},"220":{"start":{"line":332,"column":11},"end":{"line":332,"column":30}},"221":{"start":{"line":333,"column":1},"end":{"line":333,"column":34}},"222":{"start":{"line":333,"column":15},"end":{"line":333,"column":34}},"223":{"start":{"line":334,"column":1},"end":{"line":334,"column":60}},"224":{"start":{"line":334,"column":32},"end":{"line":334,"column":60}},"225":{"start":{"line":335,"column":1},"end":{"line":335,"column":18}},"226":{"start":{"line":338,"column":0},"end":{"line":347,"column":3}},"227":{"start":{"line":339,"column":19},"end":{"line":339,"column":23}},"228":{"start":{"line":342,"column":20},"end":{"line":342,"column":60}},"229":{"start":{"line":343,"column":11},"end":{"line":343,"column":30}},"230":{"start":{"line":344,"column":1},"end":{"line":344,"column":35}},"231":{"start":{"line":344,"column":15},"end":{"line":344,"column":35}},"232":{"start":{"line":345,"column":1},"end":{"line":345,"column":60}},"233":{"start":{"line":345,"column":32},"end":{"line":345,"column":60}},"234":{"start":{"line":346,"column":1},"end":{"line":346,"column":18}},"235":{"start":{"line":349,"column":0},"end":{"line":355,"column":3}},"236":{"start":{"line":350,"column":11},"end":{"line":350,"column":12}},"237":{"start":{"line":351,"column":1},"end":{"line":354,"column":2}},"238":{"start":{"line":352,"column":2},"end":{"line":353,"column":13}},"239":{"start":{"line":352,"column":20},"end":{"line":352,"column":28}},"240":{"start":{"line":353,"column":7},"end":{"line":353,"column":13}},"241":{"start":{"line":357,"column":0},"end":{"line":359,"column":3}},"242":{"start":{"line":358,"column":1},"end":{"line":358,"column":40}},"243":{"start":{"line":361,"column":0},"end":{"line":373,"column":3}},"244":{"start":{"line":362,"column":20},"end":{"line":362,"column":43}},"245":{"start":{"line":363,"column":11},"end":{"line":363,"column":30}},"246":{"start":{"line":364,"column":11},"end":{"line":364,"column":12}},"247":{"start":{"line":365,"column":1},"end":{"line":367,"column":2}},"248":{"start":{"line":366,"column":2},"end":{"line":366,"column":28}},"249":{"start":{"line":369,"column":1},"end":{"line":372,"column":2}},"250":{"start":{"line":370,"column":2},"end":{"line":370,"column":18}},"251":{"start":{"line":371,"column":2},"end":{"line":371,"column":28}},"252":{"start":{"line":375,"column":0},"end":{"line":379,"column":3}},"253":{"start":{"line":375,"column":39},"end":{"line":375,"column":40}},"254":{"start":{"line":376,"column":11},"end":{"line":376,"column":12}},"255":{"start":{"line":377,"column":1},"end":{"line":377,"column":40}},"256":{"start":{"line":377,"column":21},"end":{"line":377,"column":40}},"257":{"start":{"line":378,"column":1},"end":{"line":378,"column":12}},"258":{"start":{"line":381,"column":0},"end":{"line":387,"column":3}},"259":{"start":{"line":382,"column":11},"end":{"line":382,"column":12}},"260":{"start":{"line":383,"column":1},"end":{"line":386,"column":2}},"261":{"start":{"line":384,"column":2},"end":{"line":385,"column":13}},"262":{"start":{"line":384,"column":21},"end":{"line":384,"column":29}},"263":{"start":{"line":385,"column":7},"end":{"line":385,"column":13}},"264":{"start":{"line":389,"column":0},"end":{"line":391,"column":3}},"265":{"start":{"line":390,"column":1},"end":{"line":390,"column":40}},"266":{"start":{"line":393,"column":0},"end":{"line":399,"column":3}},"267":{"start":{"line":394,"column":11},"end":{"line":394,"column":12}},"268":{"start":{"line":395,"column":1},"end":{"line":398,"column":2}},"269":{"start":{"line":396,"column":2},"end":{"line":397,"column":13}},"270":{"start":{"line":396,"column":27},"end":{"line":396,"column":35}},"271":{"start":{"line":397,"column":7},"end":{"line":397,"column":13}},"272":{"start":{"line":401,"column":0},"end":{"line":403,"column":3}},"273":{"start":{"line":402,"column":1},"end":{"line":402,"column":18}},"274":{"start":{"line":412,"column":0},"end":{"line":428,"column":3}},"275":{"start":{"line":414,"column":13},"end":{"line":414,"column":14}},"276":{"start":{"line":418,"column":1},"end":{"line":423,"column":2}},"277":{"start":{"line":419,"column":2},"end":{"line":419,"column":27}},"278":{"start":{"line":419,"column":25},"end":{"line":419,"column":26}},"279":{"start":{"line":420,"column":2},"end":{"line":420,"column":18}},"280":{"start":{"line":422,"column":2},"end":{"line":422,"column":25}},"281":{"start":{"line":424,"column":1},"end":{"line":427,"column":3}},"282":{"start":{"line":425,"column":20},"end":{"line":425,"column":70}},"283":{"start":{"line":430,"column":0},"end":{"line":432,"column":3}},"284":{"start":{"line":431,"column":1},"end":{"line":431,"column":36}},"285":{"start":{"line":440,"column":0},"end":{"line":456,"column":3}},"286":{"start":{"line":442,"column":13},"end":{"line":442,"column":14}},"287":{"start":{"line":446,"column":1},"end":{"line":451,"column":2}},"288":{"start":{"line":447,"column":2},"end":{"line":447,"column":27}},"289":{"start":{"line":447,"column":25},"end":{"line":447,"column":26}},"290":{"start":{"line":448,"column":2},"end":{"line":448,"column":18}},"291":{"start":{"line":450,"column":2},"end":{"line":450,"column":25}},"292":{"start":{"line":452,"column":1},"end":{"line":455,"column":3}},"293":{"start":{"line":453,"column":20},"end":{"line":453,"column":70}},"294":{"start":{"line":458,"column":0},"end":{"line":460,"column":3}},"295":{"start":{"line":458,"column":61},"end":{"line":458,"column":62}},"296":{"start":{"line":459,"column":1},"end":{"line":459,"column":72}},"297":{"start":{"line":459,"column":33},"end":{"line":459,"column":69}},"298":{"start":{"line":462,"column":0},"end":{"line":464,"column":3}},"299":{"start":{"line":463,"column":1},"end":{"line":463,"column":22}},"300":{"start":{"line":466,"column":0},"end":{"line":473,"column":3}},"301":{"start":{"line":470,"column":15},"end":{"line":470,"column":36}},"302":{"start":{"line":471,"column":1},"end":{"line":471,"column":49}},"303":{"start":{"line":471,"column":21},"end":{"line":471,"column":49}},"304":{"start":{"line":471,"column":41},"end":{"line":471,"column":49}},"305":{"start":{"line":472,"column":1},"end":{"line":472,"column":51}},"306":{"start":{"line":472,"column":23},"end":{"line":472,"column":51}},"307":{"start":{"line":472,"column":43},"end":{"line":472,"column":51}},"308":{"start":{"line":475,"column":0},"end":{"line":478,"column":3}},"309":{"start":{"line":476,"column":11},"end":{"line":476,"column":12}},"310":{"start":{"line":477,"column":1},"end":{"line":477,"column":54}},"311":{"start":{"line":477,"column":21},"end":{"line":477,"column":54}},"312":{"start":{"line":477,"column":46},"end":{"line":477,"column":54}},"313":{"start":{"line":480,"column":0},"end":{"line":491,"column":3}},"314":{"start":{"line":481,"column":1},"end":{"line":481,"column":67}},"315":{"start":{"line":481,"column":44},"end":{"line":481,"column":67}},"316":{"start":{"line":482,"column":20},"end":{"line":482,"column":43}},"317":{"start":{"line":483,"column":22},"end":{"line":483,"column":47}},"318":{"start":{"line":484,"column":1},"end":{"line":490,"column":2}},"319":{"start":{"line":485,"column":13},"end":{"line":485,"column":32}},"320":{"start":{"line":486,"column":2},"end":{"line":486,"column":23}},"321":{"start":{"line":486,"column":17},"end":{"line":486,"column":23}},"322":{"start":{"line":487,"column":13},"end":{"line":487,"column":34}},"323":{"start":{"line":488,"column":2},"end":{"line":488,"column":23}},"324":{"start":{"line":488,"column":17},"end":{"line":488,"column":23}},"325":{"start":{"line":489,"column":2},"end":{"line":489,"column":47}}},"fnMap":{"0":{"name":"(anonymous_0)","decl":{"start":{"line":17,"column":20},"end":{"line":17,"column":21}},"loc":{"start":{"line":17,"column":66},"end":{"line":35,"column":1}},"line":17},"1":{"name":"(anonymous_1)","decl":{"start":{"line":17,"column":58},"end":{"line":17,"column":59}},"loc":{"start":{"line":17,"column":63},"end":{"line":17,"column":64}},"line":17},"2":{"name":"(anonymous_2)","decl":{"start":{"line":37,"column":14},"end":{"line":37,"column":15}},"loc":{"start":{"line":37,"column":34},"end":{"line":42,"column":1}},"line":37},"3":{"name":"(anonymous_3)","decl":{"start":{"line":44,"column":14},"end":{"line":44,"column":15}},"loc":{"start":{"line":44,"column":47},"end":{"line":47,"column":1}},"line":44},"4":{"name":"(anonymous_4)","decl":{"start":{"line":44,"column":35},"end":{"line":44,"column":36}},"loc":{"start":{"line":44,"column":41},"end":{"line":44,"column":45}},"line":44},"5":{"name":"(anonymous_5)","decl":{"start":{"line":49,"column":17},"end":{"line":49,"column":18}},"loc":{"start":{"line":49,"column":36},"end":{"line":52,"column":1}},"line":49},"6":{"name":"(anonymous_6)","decl":{"start":{"line":54,"column":23},"end":{"line":54,"column":24}},"loc":{"start":{"line":54,"column":35},"end":{"line":56,"column":1}},"line":54},"7":{"name":"(anonymous_7)","decl":{"start":{"line":58,"column":18},"end":{"line":58,"column":19}},"loc":{"start":{"line":58,"column":46},"end":{"line":68,"column":1}},"line":58},"8":{"name":"(anonymous_8)","decl":{"start":{"line":58,"column":38},"end":{"line":58,"column":39}},"loc":{"start":{"line":58,"column":43},"end":{"line":58,"column":44}},"line":58},"9":{"name":"(anonymous_9)","decl":{"start":{"line":70,"column":15},"end":{"line":70,"column":16}},"loc":{"start":{"line":70,"column":27},"end":{"line":72,"column":1}},"line":70},"10":{"name":"(anonymous_10)","decl":{"start":{"line":74,"column":17},"end":{"line":74,"column":18}},"loc":{"start":{"line":74,"column":35},"end":{"line":78,"column":1}},"line":74},"11":{"name":"(anonymous_11)","decl":{"start":{"line":80,"column":19},"end":{"line":80,"column":20}},"loc":{"start":{"line":83,"column":2},"end":{"line":86,"column":1}},"line":83},"12":{"name":"(anonymous_12)","decl":{"start":{"line":88,"column":16},"end":{"line":88,"column":17}},"loc":{"start":{"line":88,"column":49},"end":{"line":93,"column":1}},"line":88},"13":{"name":"(anonymous_13)","decl":{"start":{"line":88,"column":37},"end":{"line":88,"column":38}},"loc":{"start":{"line":88,"column":43},"end":{"line":88,"column":47}},"line":88},"14":{"name":"(anonymous_14)","decl":{"start":{"line":95,"column":25},"end":{"line":95,"column":26}},"loc":{"start":{"line":95,"column":56},"end":{"line":99,"column":1}},"line":95},"15":{"name":"(anonymous_15)","decl":{"start":{"line":101,"column":19},"end":{"line":101,"column":20}},"loc":{"start":{"line":101,"column":77},"end":{"line":104,"column":1}},"line":101},"16":{"name":"(anonymous_16)","decl":{"start":{"line":106,"column":20},"end":{"line":106,"column":21}},"loc":{"start":{"line":106,"column":36},"end":{"line":114,"column":1}},"line":106},"17":{"name":"(anonymous_17)","decl":{"start":{"line":116,"column":29},"end":{"line":116,"column":30}},"loc":{"start":{"line":116,"column":66},"end":{"line":122,"column":1}},"line":116},"18":{"name":"(anonymous_18)","decl":{"start":{"line":124,"column":17},"end":{"line":124,"column":18}},"loc":{"start":{"line":127,"column":2},"end":{"line":130,"column":1}},"line":127},"19":{"name":"(anonymous_19)","decl":{"start":{"line":132,"column":16},"end":{"line":132,"column":17}},"loc":{"start":{"line":132,"column":49},"end":{"line":135,"column":1}},"line":132},"20":{"name":"(anonymous_20)","decl":{"start":{"line":132,"column":37},"end":{"line":132,"column":38}},"loc":{"start":{"line":132,"column":43},"end":{"line":132,"column":47}},"line":132},"21":{"name":"(anonymous_21)","decl":{"start":{"line":137,"column":25},"end":{"line":137,"column":26}},"loc":{"start":{"line":137,"column":79},"end":{"line":140,"column":1}},"line":137},"22":{"name":"(anonymous_22)","decl":{"start":{"line":137,"column":46},"end":{"line":137,"column":47}},"loc":{"start":{"line":137,"column":52},"end":{"line":137,"column":56}},"line":137},"23":{"name":"(anonymous_23)","decl":{"start":{"line":142,"column":18},"end":{"line":142,"column":19}},"loc":{"start":{"line":142,"column":37},"end":{"line":145,"column":1}},"line":142},"24":{"name":"(anonymous_24)","decl":{"start":{"line":157,"column":18},"end":{"line":157,"column":19}},"loc":{"start":{"line":162,"column":2},"end":{"line":188,"column":1}},"line":162},"25":{"name":"(anonymous_25)","decl":{"start":{"line":163,"column":23},"end":{"line":163,"column":24}},"loc":{"start":{"line":163,"column":28},"end":{"line":163,"column":29}},"line":163},"26":{"name":"(anonymous_26)","decl":{"start":{"line":164,"column":22},"end":{"line":164,"column":23}},"loc":{"start":{"line":164,"column":41},"end":{"line":164,"column":49}},"line":164},"27":{"name":"(anonymous_27)","decl":{"start":{"line":185,"column":69},"end":{"line":185,"column":70}},"loc":{"start":{"line":186,"column":2},"end":{"line":186,"column":26}},"line":186},"28":{"name":"(anonymous_28)","decl":{"start":{"line":191,"column":20},"end":{"line":191,"column":21}},"loc":{"start":{"line":197,"column":2},"end":{"line":203,"column":1}},"line":197},"29":{"name":"(anonymous_29)","decl":{"start":{"line":205,"column":20},"end":{"line":205,"column":21}},"loc":{"start":{"line":208,"column":2},"end":{"line":217,"column":1}},"line":208},"30":{"name":"(anonymous_30)","decl":{"start":{"line":220,"column":15},"end":{"line":220,"column":16}},"loc":{"start":{"line":226,"column":2},"end":{"line":234,"column":1}},"line":226},"31":{"name":"(anonymous_31)","decl":{"start":{"line":236,"column":15},"end":{"line":236,"column":16}},"loc":{"start":{"line":236,"column":48},"end":{"line":246,"column":1}},"line":236},"32":{"name":"(anonymous_32)","decl":{"start":{"line":236,"column":36},"end":{"line":236,"column":37}},"loc":{"start":{"line":236,"column":42},"end":{"line":236,"column":46}},"line":236},"33":{"name":"(anonymous_33)","decl":{"start":{"line":248,"column":24},"end":{"line":248,"column":25}},"loc":{"start":{"line":248,"column":78},"end":{"line":252,"column":1}},"line":248},"34":{"name":"(anonymous_34)","decl":{"start":{"line":248,"column":45},"end":{"line":248,"column":46}},"loc":{"start":{"line":248,"column":51},"end":{"line":248,"column":55}},"line":248},"35":{"name":"(anonymous_35)","decl":{"start":{"line":254,"column":14},"end":{"line":254,"column":15}},"loc":{"start":{"line":254,"column":42},"end":{"line":263,"column":1}},"line":254},"36":{"name":"(anonymous_36)","decl":{"start":{"line":254,"column":34},"end":{"line":254,"column":35}},"loc":{"start":{"line":254,"column":39},"end":{"line":254,"column":40}},"line":254},"37":{"name":"(anonymous_37)","decl":{"start":{"line":265,"column":14},"end":{"line":265,"column":15}},"loc":{"start":{"line":265,"column":42},"end":{"line":274,"column":1}},"line":265},"38":{"name":"(anonymous_38)","decl":{"start":{"line":265,"column":34},"end":{"line":265,"column":35}},"loc":{"start":{"line":265,"column":39},"end":{"line":265,"column":40}},"line":265},"39":{"name":"(anonymous_39)","decl":{"start":{"line":276,"column":17},"end":{"line":276,"column":18}},"loc":{"start":{"line":276,"column":32},"end":{"line":278,"column":1}},"line":276},"40":{"name":"(anonymous_40)","decl":{"start":{"line":277,"column":19},"end":{"line":277,"column":20}},"loc":{"start":{"line":277,"column":24},"end":{"line":277,"column":43}},"line":277},"41":{"name":"(anonymous_41)","decl":{"start":{"line":280,"column":18},"end":{"line":280,"column":19}},"loc":{"start":{"line":280,"column":37},"end":{"line":283,"column":1}},"line":280},"42":{"name":"(anonymous_42)","decl":{"start":{"line":285,"column":18},"end":{"line":285,"column":19}},"loc":{"start":{"line":285,"column":30},"end":{"line":289,"column":1}},"line":285},"43":{"name":"(anonymous_43)","decl":{"start":{"line":291,"column":17},"end":{"line":291,"column":18}},"loc":{"start":{"line":291,"column":37},"end":{"line":294,"column":1}},"line":291},"44":{"name":"(anonymous_44)","decl":{"start":{"line":302,"column":21},"end":{"line":302,"column":22}},"loc":{"start":{"line":305,"column":2},"end":{"line":312,"column":1}},"line":305},"45":{"name":"(anonymous_45)","decl":{"start":{"line":304,"column":18},"end":{"line":304,"column":19}},"loc":{"start":{"line":304,"column":34},"end":{"line":304,"column":38}},"line":304},"46":{"name":"(anonymous_46)","decl":{"start":{"line":314,"column":24},"end":{"line":314,"column":25}},"loc":{"start":{"line":317,"column":2},"end":{"line":328,"column":1}},"line":317},"47":{"name":"(anonymous_47)","decl":{"start":{"line":330,"column":17},"end":{"line":330,"column":18}},"loc":{"start":{"line":330,"column":50},"end":{"line":336,"column":1}},"line":330},"48":{"name":"(anonymous_48)","decl":{"start":{"line":330,"column":38},"end":{"line":330,"column":39}},"loc":{"start":{"line":330,"column":44},"end":{"line":330,"column":48}},"line":330},"49":{"name":"(anonymous_49)","decl":{"start":{"line":338,"column":26},"end":{"line":338,"column":27}},"loc":{"start":{"line":341,"column":2},"end":{"line":347,"column":1}},"line":341},"50":{"name":"(anonymous_50)","decl":{"start":{"line":339,"column":13},"end":{"line":339,"column":14}},"loc":{"start":{"line":339,"column":19},"end":{"line":339,"column":23}},"line":339},"51":{"name":"(anonymous_51)","decl":{"start":{"line":349,"column":15},"end":{"line":349,"column":16}},"loc":{"start":{"line":349,"column":32},"end":{"line":355,"column":1}},"line":349},"52":{"name":"(anonymous_52)","decl":{"start":{"line":357,"column":19},"end":{"line":357,"column":20}},"loc":{"start":{"line":357,"column":35},"end":{"line":359,"column":1}},"line":357},"53":{"name":"(anonymous_53)","decl":{"start":{"line":361,"column":20},"end":{"line":361,"column":21}},"loc":{"start":{"line":361,"column":41},"end":{"line":373,"column":1}},"line":361},"54":{"name":"(anonymous_54)","decl":{"start":{"line":375,"column":14},"end":{"line":375,"column":15}},"loc":{"start":{"line":375,"column":42},"end":{"line":379,"column":1}},"line":375},"55":{"name":"(anonymous_55)","decl":{"start":{"line":375,"column":34},"end":{"line":375,"column":35}},"loc":{"start":{"line":375,"column":39},"end":{"line":375,"column":40}},"line":375},"56":{"name":"(anonymous_56)","decl":{"start":{"line":381,"column":15},"end":{"line":381,"column":16}},"loc":{"start":{"line":381,"column":32},"end":{"line":387,"column":1}},"line":381},"57":{"name":"(anonymous_57)","decl":{"start":{"line":389,"column":19},"end":{"line":389,"column":20}},"loc":{"start":{"line":389,"column":35},"end":{"line":391,"column":1}},"line":389},"58":{"name":"(anonymous_58)","decl":{"start":{"line":393,"column":20},"end":{"line":393,"column":21}},"loc":{"start":{"line":393,"column":41},"end":{"line":399,"column":1}},"line":393},"59":{"name":"(anonymous_59)","decl":{"start":{"line":401,"column":18},"end":{"line":401,"column":19}},"loc":{"start":{"line":401,"column":29},"end":{"line":403,"column":1}},"line":401},"60":{"name":"(anonymous_60)","decl":{"start":{"line":412,"column":23},"end":{"line":412,"column":24}},"loc":{"start":{"line":416,"column":2},"end":{"line":428,"column":1}},"line":416},"61":{"name":"(anonymous_61)","decl":{"start":{"line":414,"column":8},"end":{"line":414,"column":9}},"loc":{"start":{"line":414,"column":13},"end":{"line":414,"column":14}},"line":414},"62":{"name":"(anonymous_62)","decl":{"start":{"line":419,"column":20},"end":{"line":419,"column":21}},"loc":{"start":{"line":419,"column":25},"end":{"line":419,"column":26}},"line":419},"63":{"name":"(anonymous_63)","decl":{"start":{"line":425,"column":14},"end":{"line":425,"column":15}},"loc":{"start":{"line":425,"column":20},"end":{"line":425,"column":70}},"line":425},"64":{"name":"(anonymous_64)","decl":{"start":{"line":430,"column":20},"end":{"line":430,"column":21}},"loc":{"start":{"line":430,"column":77},"end":{"line":432,"column":1}},"line":430},"65":{"name":"(anonymous_65)","decl":{"start":{"line":440,"column":19},"end":{"line":440,"column":20}},"loc":{"start":{"line":444,"column":2},"end":{"line":456,"column":1}},"line":444},"66":{"name":"(anonymous_6
[...]
,"C:\\Users\\Goran\\Documents\\linqify\\src\\Utils\\EqualityComparers.js": {"path":"C:\\Users\\Goran\\Documents\\linqify\\src\\Utils\\EqualityComparers.js","statementMap":{"0":{"start":{"line":5,"column":4},"end":{"line":5,"column":39}},"1":{"start":{"line":7,"column":26},"end":{"line":16,"column":1}},"2":{"start":{"line":8,"column":32},"end":{"line":8,"column":33}},"3":{"start":{"line":8,"column":39},"end":{"line":11,"column":2}},"4":{"start":{"line":9,"column":20},"end":{"line":9,"column":61}},"5":{"start":{"line":10,"column":22},"end":{"line":10,"column":69}},"6":{"start":{"line":13,"column":20},"end":{"line":13,"column":27}},"7":{"start":{"line":14,"column":22},"end":{"line":14,"column":25}},"8":{"start":{"line":18,"column":0},"end":{"line":18,"column":39}}},"fnMap":{"0":{"name":"(anonymous_0)","decl":{"start":{"line":8,"column":15},"end":{"line":8,"column":16}},"loc":{"start":{"line":8,"column":39},"end":{"line":11,"column":2}},"line":8},"1":{"name":"(anonymous_1)","decl":{"start":{"line":8,"column":27},"end":{"line":8,"column":28}},"loc":{"start":{"line":8,"column":32},"end":{"line":8,"column":33}},"line":8},"2":{"name":"(anonymous_2)","decl":{"start":{"line":9,"column":10},"end":{"line":9,"column":11}},"loc":{"start":{"line":9,"column":20},"end":{"line":9,"column":61}},"line":9},"3":{"name":"(anonymous_3)","decl":{"start":{"line":10,"column":15},"end":{"line":10,"column":16}},"loc":{"start":{"line":10,"column":22},"end":{"line":10,"column":69}},"line":10},"4":{"name":"(anonymous_4)","decl":{"start":{"line":13,"column":10},"end":{"line":13,"column":11}},"loc":{"start":{"line":13,"column":20},"end":{"line":13,"column":27}},"line":13},"5":{"name":"(anonymous_5)","decl":{"start":{"line":14,"column":15},"end":{"line":14,"column":16}},"loc":{"start":{"line":14,"column":22},"end":{"line":14,"column":25}},"line":14}},"branchMap":{"0":{"loc":{"start":{"line":8,"column":16},"end":{"line":8,"column":33}},"type":"default-arg","locations":[{"start":{"line":8,"column":27},"end":{"line":8,"column":33}}],"line":8}},"s":{"0":8,"1":8,"2":3,"3":3,"4":3,"5":6,"6":140,"7":816,"8":8},"f":{"0":3,"1":3,"2":3,"3":6,"4":140,"5":816},"b":{"0":[2]},"_coverageSchema":"332fd63041d2c1bcb487cc26dd0d5f7d97098a6c","hash":"e473c15df37a5110ec4442cf994943dea7f1d4ac"}
,"C:\\Users\\Goran\\Documents\\linqify\\src\\Utils\\EqualityComparersUtils.js": {"path":"C:\\Users\\Goran\\Documents\\linqify\\src\\Utils\\EqualityComparersUtils.js","statementMap":{"0":{"start":{"line":1,"column":20},"end":{"line":1,"column":42}},"1":{"start":{"line":8,"column":17},"end":{"line":13,"column":1}},"2":{"start":{"line":10,"column":1},"end":{"line":11,"column":47}},"3":{"start":{"line":11,"column":2},"end":{"line":11,"column":47}},"4":{"start":{"line":12,"column":1},"end":{"line":12,"column":10}},"5":{"start":{"line":14,"column":31},"end":{"line":24,"column":1}},"6":{"start":{"line":15,"column":18},"end":{"line":15,"column":43}},"7":{"start":{"line":16,"column":1},"end":{"line":22,"column":2}},"8":{"start":{"line":17,"column":2},"end":{"line":17,"column":65}},"9":{"start":{"line":17,"column":50},"end":{"line":17,"column":65}},"10":{"start":{"line":18,"column":2},"end":{"line":19,"column":68}},"11":{"start":{"line":19,"column":3},"end":{"line":19,"column":68}},"12":{"start":{"line":21,"column":2},"end":{"line":21,"column":25}},"13":{"start":{"line":23,"column":1},"end":{"line":23,"column":25}},"14":{"start":{"line":26,"column":24},"end":{"line":43,"column":1}},"15":{"start":{"line":27,"column":1},"end":{"line":27,"column":44}},"16":{"start":{"line":27,"column":31},"end":{"line":27,"column":44}},"17":{"start":{"line":28,"column":1},"end":{"line":42,"column":2}},"18":{"start":{"line":29,"column":2},"end":{"line":35,"column":3}},"19":{"start":{"line":33,"column":3},"end":{"line":33,"column":14}},"20":{"start":{"line":34,"column":3},"end":{"line":34,"column":14}},"21":{"start":{"line":36,"column":2},"end":{"line":36,"column":68}},"22":{"start":{"line":36,"column":55},"end":{"line":36,"column":68}},"23":{"start":{"line":37,"column":2},"end":{"line":38,"column":54}},"24":{"start":{"line":38,"column":3},"end":{"line":38,"column":54}},"25":{"start":{"line":38,"column":41},"end":{"line":38,"column":54}},"26":{"start":{"line":39,"column":2},"end":{"line":39,"column":14}},"27":{"start":{"line":41,"column":2},"end":{"line":41,"column":17}},"28":{"start":{"line":45,"column":0},"end":{"line":45,"column":71}}},"fnMap":{"0":{"name":"(anonymous_0)","decl":{"start":{"line":8,"column":17},"end":{"line":8,"column":18}},"loc":{"start":{"line":8,"column":29},"end":{"line":13,"column":1}},"line":8},"1":{"name":"(anonymous_1)","decl":{"start":{"line":14,"column":31},"end":{"line":14,"column":32}},"loc":{"start":{"line":14,"column":45},"end":{"line":24,"column":1}},"line":14},"2":{"name":"(anonymous_2)","decl":{"start":{"line":26,"column":24},"end":{"line":26,"column":25}},"loc":{"start":{"line":26,"column":39},"end":{"line":43,"column":1}},"line":26}},"branchMap":{"0":{"loc":{"start":{"line":16,"column":1},"end":{"line":22,"column":2}},"type":"if","locations":[{"start":{"line":16,"column":1},"end":{"line":22,"column":2}},{"start":{"line":16,"column":1},"end":{"line":22,"column":2}}],"line":16},"1":{"loc":{"start":{"line":16,"column":5},"end":{"line":16,"column":42}},"type":"binary-expr","locations":[{"start":{"line":16,"column":5},"end":{"line":16,"column":16}},{"start":{"line":16,"column":20},"end":{"line":16,"column":42}}],"line":16},"2":{"loc":{"start":{"line":17,"column":2},"end":{"line":17,"column":65}},"type":"if","locations":[{"start":{"line":17,"column":2},"end":{"line":17,"column":65}},{"start":{"line":17,"column":2},"end":{"line":17,"column":65}}],"line":17},"3":{"loc":{"start":{"line":27,"column":1},"end":{"line":27,"column":44}},"type":"if","locations":[{"start":{"line":27,"column":1},"end":{"line":27,"column":44}},{"start":{"line":27,"column":1},"end":{"line":27,"column":44}}],"line":27},"4":{"loc":{"start":{"line":28,"column":1},"end":{"line":42,"column":2}},"type":"if","locations":[{"start":{"line":28,"column":1},"end":{"line":42,"column":2}},{"start":{"line":28,"column":1},"end":{"line":42,"column":2}}],"line":28},"5":{"loc":{"start":{"line":28,"column":5},"end":{"line":28,"column":51}},"type":"binary-expr","locations":[{"start":{"line":28,"column":5},"end":{"line":28,"column":14}},{"start":{"line":28,"column":18},"end":{"line":28,"column":27}},{"start":{"line":28,"column":31},"end":{"line":28,"column":51}}],"line":28},"6":{"loc":{"start":{"line":29,"column":2},"end":{"line":35,"column":3}},"type":"if","locations":[{"start":{"line":29,"column":2},"end":{"line":35,"column":3}},{"start":{"line":29,"column":2},"end":{"line":35,"column":3}}],"line":29},"7":{"loc":{"start":{"line":30,"column":3},"end":{"line":31,"column":43}},"type":"binary-expr","locations":[{"start":{"line":30,"column":3},"end":{"line":30,"column":43}},{"start":{"line":31,"column":3},"end":{"line":31,"column":43}}],"line":30},"8":{"loc":{"start":{"line":36,"column":2},"end":{"line":36,"column":68}},"type":"if","locations":[{"start":{"line":36,"column":2},"end":{"line":36,"column":68}},{"start":{"line":36,"column":2},"end":{"line":36,"column":68}}],"line":36},"9":{"loc":{"start":{"line":38,"column":3},"end":{"line":38,"column":54}},"type":"if","locations":[{"start":{"line":38,"column":3},"end":{"line":38,"column":54}},{"start":{"line":38,"column":3},"end":{"line":38,"column":54}}],"line":38}},"s":{"0":9,"1":9,"2":6,"3":1023,"4":6,"5":9,"6":117,"7":117,"8":42,"9":21,"10":42,"11":106,"12":75,"13":117,"14":9,"15":10,"16":1,"17":9,"18":4,"19":1,"20":1,"21":4,"22":0,"23":4,"24":7,"25":1,"26":3,"27":5,"28":9},"f":{"0":6,"1":117,"2":10},"b":{"0":[42,75],"1":[117,116],"2":[21,21],"3":[1,9],"4":[4,5],"5":[9,9,9],"6":[1,3],"7":[4,1],"8":[0,4],"9":[1,6]},"_coverageSchema":"332fd63041d2c1bcb487cc26dd0d5f7d97098a6c","hash":"7f47b452059d36d81af4212eded8f806a4ab0d58"}
,"C:\\Users\\Goran\\Documents\\linqify\\src\\Utils\\SortComparers.js": {"path":"C:\\Users\\Goran\\Documents\\linqify\\src\\Utils\\SortComparers.js","statementMap":{"0":{"start":{"line":1,"column":22},"end":{"line":4,"column":1}},"1":{"start":{"line":2,"column":29},"end":{"line":2,"column":55}},"2":{"start":{"line":3,"column":36},"end":{"line":3,"column":62}},"3":{"start":{"line":6,"column":0},"end":{"line":6,"column":35}}},"fnMap":{"0":{"name":"(anonymous_0)","decl":{"start":{"line":2,"column":18},"end":{"line":2,"column":19}},"loc":{"start":{"line":2,"column":29},"end":{"line":2,"column":55}},"line":2},"1":{"name":"(anonymous_1)","decl":{"start":{"line":3,"column":25},"end":{"line":3,"column":26}},"loc":{"start":{"line":3,"column":36},"end":{"line":3,"column":62}},"line":3}},"branchMap":{"0":{"loc":{"start":{"line":2,"column":29},"end":{"line":2,"column":55}},"type":"cond-expr","locations":[{"start":{"line":2,"column":37},"end":{"line":2,"column":38}},{"start":{"line":2,"column":41},"end":{"line":2,"column":55}}],"line":2},"1":{"loc":{"start":{"line":2,"column":41},"end":{"line":2,"column":55}},"type":"cond-expr","locations":[{"start":{"line":2,"column":49},"end":{"line":2,"column":51}},{"start":{"line":2,"column":54},"end":{"line":2,"column":55}}],"line":2},"2":{"loc":{"start":{"line":3,"column":36},"end":{"line":3,"column":62}},"type":"cond-expr","locations":[{"start":{"line":3,"column":44},"end":{"line":3,"column":46}},{"start":{"line":3,"column":49},"end":{"line":3,"column":62}}],"line":3},"3":{"loc":{"start":{"line":3,"column":49},"end":{"line":3,"column":62}},"type":"cond-expr","locations":[{"start":{"line":3,"column":57},"end":{"line":3,"column":58}},{"start":{"line":3,"column":61},"end":{"line":3,"column":62}}],"line":3}},"s":{"0":8,"1":13,"2":17,"3":8},"f":{"0":13,"1":17},"b":{"0":[7,6],"1":[4,2],"2":[4,13],"3":[11,2]},"_coverageSchema":"332fd63041d2c1bcb487cc26dd0d5f7d97098a6c","hash":"5d207a5fa70454675677fbf1d01a76ca301fdd65"}
,"C:\\Users\\Goran\\Documents\\linqify\\src\\Utils\\SortUtils.js": {"path":"C:\\Users\\Goran\\Documents\\linqify\\src\\Utils\\SortUtils.js","statementMap":{"0":{"start":{"line":1,"column":26},"end":{"line":1,"column":52}},"1":{"start":{"line":4,"column":1},"end":{"line":9,"column":2}},"2":{"start":{"line":5,"column":2},"end":{"line":6,"column":65}},"3":{"start":{"line":6,"column":3},"end":{"line":6,"column":64}},"4":{"start":{"line":8,"column":2},"end":{"line":8,"column":60}},"5":{"start":{"line":8,"column":19},"end":{"line":8,"column":59}},"6":{"start":{"line":12,"column":1},"end":{"line":17,"column":2}},"7":{"start":{"line":13,"column":2},"end":{"line":14,"column":72}},"8":{"start":{"line":14,"column":3},"end":{"line":14,"column":71}},"9":{"start":{"line":16,"column":2},"end":{"line":16,"column":61}},"10":{"start":{"line":16,"column":19},"end":{"line":16,"column":60}},"11":{"start":{"line":20,"column":1},"end":{"line":30,"column":2}},"12":{"start":{"line":21,"column":2},"end":{"line":21,"column":38}},"13":{"start":{"line":23,"column":2},"end":{"line":29,"column":5}},"14":{"start":{"line":24,"column":3},"end":{"line":27,"column":4}},"15":{"start":{"line":25,"column":14},"end":{"line":25,"column":22}},"16":{"start":{"line":26,"column":4},"end":{"line":26,"column":29}},"17":{"start":{"line":26,"column":18},"end":{"line":26,"column":29}},"18":{"start":{"line":28,"column":3},"end":{"line":28,"column":12}},"19":{"start":{"line":33,"column":0},"end":{"line":33,"column":62}}},"fnMap":{"0":{"name":"getComparer","decl":{"start":{"line":3,"column":9},"end":{"line":3,"column":20}},"loc":{"start":{"line":3,"column":44},"end":{"line":10,"column":1}},"line":3},"1":{"name":"(anonymous_1)","decl":{"start":{"line":5,"column":9},"end":{"line":5,"column":10}},"loc":{"start":{"line":6,"column":3},"end":{"line":6,"column":64}},"line":6},"2":{"name":"(anonymous_2)","decl":{"start":{"line":8,"column":9},"end":{"line":8,"column":10}},"loc":{"start":{"line":8,"column":19},"end":{"line":8,"column":59}},"line":8},"3":{"name":"getComparerReverse","decl":{"start":{"line":11,"column":9},"end":{"line":11,"column":27}},"loc":{"start":{"line":11,"column":51},"end":{"line":18,"column":1}},"line":11},"4":{"name":"(anonymous_4)","decl":{"start":{"line":13,"column":9},"end":{"line":13,"column":10}},"loc":{"start":{"line":14,"column":3},"end":{"line":14,"column":71}},"line":14},"5":{"name":"(anonymous_5)","decl":{"start":{"line":16,"column":9},"end":{"line":16,"column":10}},"loc":{"start":{"line":16,"column":19},"end":{"line":16,"column":60}},"line":16},"6":{"name":"sortGen","decl":{"start":{"line":19,"column":10},"end":{"line":19,"column":17}},"loc":{"start":{"line":19,"column":35},"end":{"line":31,"column":1}},"line":19},"7":{"name":"(anonymous_7)","decl":{"start":{"line":23,"column":26},"end":{"line":23,"column":27}},"loc":{"start":{"line":23,"column":36},"end":{"line":29,"column":3}},"line":23}},"branchMap":{"0":{"loc":{"start":{"line":4,"column":1},"end":{"line":9,"column":2}},"type":"if","locations":[{"start":{"line":4,"column":1},"end":{"line":9,"column":2}},{"start":{"line":4,"column":1},"end":{"line":9,"column":2}}],"line":4},"1":{"loc":{"start":{"line":12,"column":1},"end":{"line":17,"column":2}},"type":"if","locations":[{"start":{"line":12,"column":1},"end":{"line":17,"column":2}},{"start":{"line":12,"column":1},"end":{"line":17,"column":2}}],"line":12},"2":{"loc":{"start":{"line":20,"column":1},"end":{"line":30,"column":2}},"type":"if","locations":[{"start":{"line":20,"column":1},"end":{"line":30,"column":2}},{"start":{"line":20,"column":1},"end":{"line":30,"column":2}}],"line":20},"3":{"loc":{"start":{"line":26,"column":4},"end":{"line":26,"column":29}},"type":"if","locations":[{"start":{"line":26,"column":4},"end":{"line":26,"column":29}},{"start":{"line":26,"column":4},"end":{"line":26,"column":29}}],"line":26}},"s":{"0":8,"1":8,"2":4,"3":13,"4":4,"5":22,"6":6,"7":4,"8":17,"9":2,"10":9,"11":9,"12":4,"13":5,"14":32,"15":42,"16":42,"17":31,"18":1,"19":8},"f":{"0":8,"1":13,"2":22,"3":6,"4":17,"5":9,"6":9,"7":32},"b":{"0":[4,4],"1":[4,2],"2":[4,5],"3":[31,11]},"_coverageSchema":"332fd63041d2c1bcb487cc26dd0d5f7d97098a6c","hash":"704b7d0f229fd222ec53f7e3f732838934da0759"}
,"C:\\Users\\Goran\\Documents\\linqify\\src\\Utils\\TypeUtils.js": {"path":"C:\\Users\\Goran\\Documents\\linqify\\src\\Utils\\TypeUtils.js","statementMap":{"0":{"start":{"line":3,"column":12},"end":{"line":3,"column":22}},"1":{"start":{"line":5,"column":1},"end":{"line":5,"column":36}},"2":{"start":{"line":5,"column":24},"end":{"line":5,"column":36}},"3":{"start":{"line":6,"column":1},"end":{"line":6,"column":33}},"4":{"start":{"line":6,"column":19},"end":{"line":6,"column":33}},"5":{"start":{"line":9,"column":12},"end":{"line":9,"column":27}},"6":{"start":{"line":10,"column":12},"end":{"line":10,"column":51}},"7":{"start":{"line":12,"column":1},"end":{"line":12,"column":70}},"8":{"start":{"line":16,"column":1},"end":{"line":16,"column":77}},"9":{"start":{"line":16,"column":31},"end":{"line":16,"column":77}},"10":{"start":{"line":19,"column":1},"end":{"line":36,"column":2}},"11":{"start":{"line":21,"column":3},"end":{"line":21,"column":16}},"12":{"start":{"line":23,"column":3},"end":{"line":23,"column":24}},"13":{"start":{"line":25,"column":3},"end":{"line":25,"column":15}},"14":{"start":{"line":27,"column":3},"end":{"line":27,"column":12}},"15":{"start":{"line":29,"column":3},"end":{"line":29,"column":13}},"16":{"start":{"line":31,"column":3},"end":{"line":31,"column":13}},"17":{"start":{"line":33,"column":3},"end":{"line":33,"column":19}},"18":{"start":{"line":35,"column":3},"end":{"line":35,"column":17}},"19":{"start":{"line":38,"column":1},"end":{"line":47,"column":2}},"20":{"start":{"line":40,"column":13},"end":{"line":40,"column":71}},"21":{"start":{"line":42,"column":2},"end":{"line":42,"column":20}},"22":{"start":{"line":46,"column":2},"end":{"line":46,"column":12}},"23":{"start":{"line":50,"column":0},"end":{"line":50,"column":41}}},"fnMap":{"0":{"name":"getType","decl":{"start":{"line":2,"column":9},"end":{"line":2,"column":16}},"loc":{"start":{"line":2,"column":22},"end":{"line":13,"column":1}},"line":2},"1":{"name":"defaultVal","decl":{"start":{"line":15,"column":9},"end":{"line":15,"column":19}},"loc":{"start":{"line":15,"column":26},"end":{"line":48,"column":1}},"line":15},"2":{"name":"(anonymous_2)","decl":{"start":{"line":23,"column":10},"end":{"line":23,"column":11}},"loc":{"start":{"line":23,"column":21},"end":{"line":23,"column":23}},"line":23}},"branchMap":{"0":{"loc":{"start":{"line":5,"column":1},"end":{"line":5,"column":36}},"type":"if","locations":[{"start":{"line":5,"column":1},"end":{"line":5,"column":36}},{"start":{"line":5,"column":1},"end":{"line":5,"column":36}}],"line":5},"1":{"loc":{"start":{"line":6,"column":1},"end":{"line":6,"column":33}},"type":"if","locations":[{"start":{"line":6,"column":1},"end":{"line":6,"column":33}},{"start":{"line":6,"column":1},"end":{"line":6,"column":33}}],"line":6},"2":{"loc":{"start":{"line":10,"column":12},"end":{"line":10,"column":51}},"type":"binary-expr","locations":[{"start":{"line":10,"column":12},"end":{"line":10,"column":38}},{"start":{"line":10,"column":42},"end":{"line":10,"column":51}}],"line":10},"3":{"loc":{"start":{"line":12,"column":8},"end":{"line":12,"column":69}},"type":"cond-expr","locations":[{"start":{"line":12,"column":54},"end":{"line":12,"column":58}},{"start":{"line":12,"column":61},"end":{"line":12,"column":69}}],"line":12},"4":{"loc":{"start":{"line":12,"column":8},"end":{"line":12,"column":51}},"type":"binary-expr","locations":[{"start":{"line":12,"column":8},"end":{"line":12,"column":32}},{"start":{"line":12,"column":36},"end":{"line":12,"column":51}}],"line":12},"5":{"loc":{"start":{"line":16,"column":1},"end":{"line":16,"column":77}},"type":"if","locations":[{"start":{"line":16,"column":1},"end":{"line":16,"column":77}},{"start":{"line":16,"column":1},"end":{"line":16,"column":77}}],"line":16},"6":{"loc":{"start":{"line":19,"column":1},"end":{"line":36,"column":2}},"type":"switch","locations":[{"start":{"line":20,"column":2},"end":{"line":21,"column":16}},{"start":{"line":22,"column":2},"end":{"line":23,"column":24}},{"start":{"line":24,"column":2},"end":{"line":25,"column":15}},{"start":{"line":26,"column":2},"end":{"line":27,"column":12}},{"start":{"line":28,"column":2},"end":{"line":29,"column":13}},{"start":{"line":30,"column":2},"end":{"line":31,"column":13}},{"start":{"line":32,"column":2},"end":{"line":33,"column":19}},{"start":{"line":34,"column":2},"end":{"line":35,"column":17}}],"line":19},"7":{"loc":{"start":{"line":40,"column":13},"end":{"line":40,"column":71}},"type":"cond-expr","locations":[{"start":{"line":40,"column":48},"end":{"line":40,"column":58}},{"start":{"line":40,"column":61},"end":{"line":40,"column":71}}],"line":40}},"s":{"0":430,"1":430,"2":176,"3":254,"4":5,"5":249,"6":249,"7":249,"8":11,"9":1,"10":10,"11":1,"12":1,"13":1,"14":1,"15":1,"16":3,"17":1,"18":1,"19":0,"20":0,"21":0,"22":0,"23":10},"f":{"0":430,"1":11,"2":0},"b":{"0":[176,254],"1":[5,249],"2":[249,249],"3":[249,0],"4":[249,249],"5":[1,10],"6":[1,1,1,1,1,3,1,1],"7":[0,0]},"_coverageSchema":"332fd63041d2c1bcb487cc26dd0d5f7d97098a6c","hash":"6659b9a6a3688e7750c982eabd0477476062caa4"}
}
