TN:
SF:C:\Users\Goran\Documents\linqify\src\linqify.js
FNF:0
FNH:0
DA:1,8
DA:2,8
DA:3,8
DA:11,48
DA:13,8
DA:21,8
DA:23,8
DA:25,8
DA:27,8
DA:29,8
DA:30,40
DA:31,8
DA:40,8
LF:13
LH:13
BRF:0
BRH:0
end_of_record
TN:
SF:C:\Users\Goran\Documents\linqify\src\linqifyObjects.js
FNF:0
FNH:0
DA:1,8
DA:2,8
DA:3,8
DA:4,8
DA:5,8
DA:7,8
LF:6
LH:6
BRF:0
BRH:0
end_of_record
TN:
SF:C:\Users\Goran\Documents\linqify\src\DataStructures\Dictionary.js
FN:12,(anonymous_0)
FN:30,(anonymous_1)
FN:35,(anonymous_2)
FN:39,(anonymous_3)
FN:43,(anonymous_4)
FN:47,(anonymous_5)
FN:51,(anonymous_6)
FN:65,(anonymous_7)
FN:70,(anonymous_8)
FN:79,(anonymous_9)
FN:86,(anonymous_10)
FN:104,(anonymous_11)
FN:113,(anonymous_12)
FN:125,(anonymous_13)
FN:131,(anonymous_14)
FN:143,(anonymous_15)
FN:144,(anonymous_16)
FN:150,(anonymous_17)
FN:154,(anonymous_18)
FN:164,(anonymous_19)
FN:165,(anonymous_20)
FN:171,(anonymous_21)
FN:175,(anonymous_22)
FNF:23
FNH:23
FNDA:55,(anonymous_0)
FNDA:58,(anonymous_1)
FNDA:2,(anonymous_2)
FNDA:5,(anonymous_3)
FNDA:1,(anonymous_4)
FNDA:1,(anonymous_5)
FNDA:145,(anonymous_6)
FNDA:1,(anonymous_7)
FNDA:119,(anonymous_8)
FNDA:2,(anonymous_9)
FNDA:4,(anonymous_10)
FNDA:34,(anonymous_11)
FNDA:3,(anonymous_12)
FNDA:2,(anonymous_13)
FNDA:19,(anonymous_14)
FNDA:1,(anonymous_15)
FNDA:2,(anonymous_16)
FNDA:1,(anonymous_17)
FNDA:1,(anonymous_18)
FNDA:1,(anonymous_19)
FNDA:4,(anonymous_20)
FNDA:1,(anonymous_21)
FNDA:1,(anonymous_22)
DA:1,8
DA:2,8
DA:3,8
DA:13,55
DA:14,55
DA:15,55
DA:16,55
DA:17,55
DA:19,1
DA:20,54
DA:22,33
DA:25,21
DA:26,54
DA:31,58
DA:32,145
DA:36,2
DA:40,5
DA:44,1
DA:48,1
DA:52,145
DA:53,140
DA:55,5
DA:56,6
DA:57,3
DA:60,2
DA:62,142
DA:66,1
DA:67,1
DA:71,119
DA:72,35
DA:73,36
DA:76,84
DA:80,2
DA:81,4
DA:83,1
DA:87,4
DA:88,3
DA:89,3
DA:90,4
DA:91,2
DA:92,2
DA:93,1
DA:95,2
DA:96,2
DA:98,2
DA:101,2
DA:105,34
DA:106,33
DA:107,34
DA:110,1
DA:114,3
DA:115,2
DA:116,3
DA:117,2
DA:118,2
DA:122,1
DA:126,2
DA:127,1
DA:128,1
DA:132,19
DA:133,15
DA:134,16
DA:135,15
DA:138,4
DA:142,8
DA:144,1
DA:145,5
DA:147,1
DA:151,1
DA:155,1
DA:156,1
DA:157,2
DA:158,2
DA:163,8
DA:165,1
DA:166,7
DA:168,1
DA:172,1
DA:176,1
DA:177,1
DA:178,2
DA:179,2
DA:184,8
LF:83
LH:83
BRDA:12,0,0,36
BRDA:16,1,0,55
BRDA:16,1,1,1
BRDA:17,2,0,1
BRDA:17,2,1,54
BRDA:20,3,0,33
BRDA:20,3,1,21
BRDA:20,4,0,54
BRDA:20,4,1,22
BRDA:22,5,0,33
BRDA:22,5,1,1
BRDA:52,6,0,140
BRDA:52,6,1,5
BRDA:56,7,0,3
BRDA:56,7,1,3
BRDA:71,8,0,35
BRDA:71,8,1,84
BRDA:73,9,0,35
BRDA:73,9,1,1
BRDA:81,10,0,1
BRDA:81,10,1,3
BRDA:87,11,0,3
BRDA:87,11,1,1
BRDA:90,12,0,2
BRDA:90,12,1,2
BRDA:92,13,0,1
BRDA:92,13,1,1
BRDA:105,14,0,33
BRDA:105,14,1,1
BRDA:107,15,0,33
BRDA:107,15,1,1
BRDA:114,16,0,2
BRDA:114,16,1,1
BRDA:116,17,0,2
BRDA:116,17,1,1
BRDA:126,18,0,1
BRDA:126,18,1,1
BRDA:132,19,0,15
BRDA:132,19,1,4
BRDA:134,20,0,15
BRDA:134,20,1,1
BRF:41
BRH:41
end_of_record
TN:
SF:C:\Users\Goran\Documents\linqify\src\DataStructures\HashSet.js
FN:14,(anonymous_0)
FN:32,(anonymous_1)
FN:36,(anonymous_2)
FN:40,(anonymous_3)
FN:44,(anonymous_4)
FN:57,(anonymous_5)
FN:62,(anonymous_6)
FN:71,(anonymous_7)
FN:80,(anonymous_8)
FN:82,(anonymous_9)
FN:83,(anonymous_10)
FN:87,(anonymous_11)
FN:92,(anonymous_12)
FN:95,(anonymous_13)
FN:98,(anonymous_14)
FN:109,(anonymous_15)
FN:119,(anonymous_16)
FN:128,(anonymous_17)
FN:137,(anonymous_18)
FN:138,(anonymous_19)
FN:141,(anonymous_20)
FN:159,(anonymous_21)
FN:165,(anonymous_22)
FN:174,(anonymous_23)
FN:177,(anonymous_24)
FN:180,(anonymous_25)
FN:190,(anonymous_26)
FNF:27
FNH:27
FNDA:86,(anonymous_0)
FNDA:64,(anonymous_1)
FNDA:1,(anonymous_2)
FNDA:51,(anonymous_3)
FNDA:345,(anonymous_4)
FNDA:1,(anonymous_5)
FNDA:73,(anonymous_6)
FNDA:3,(anonymous_7)
FNDA:2,(anonymous_8)
FNDA:4,(anonymous_9)
FNDA:4,(anonymous_10)
FNDA:3,(anonymous_11)
FNDA:1,(anonymous_12)
FNDA:3,(anonymous_13)
FNDA:2,(anonymous_14)
FNDA:3,(anonymous_15)
FNDA:3,(anonymous_16)
FNDA:3,(anonymous_17)
FNDA:2,(anonymous_18)
FNDA:4,(anonymous_19)
FNDA:21,(anonymous_20)
FNDA:2,(anonymous_21)
FNDA:7,(anonymous_22)
FNDA:1,(anonymous_23)
FNDA:3,(anonymous_24)
FNDA:14,(anonymous_25)
FNDA:1,(anonymous_26)
DA:1,8
DA:3,8
DA:4,8
DA:5,8
DA:15,86
DA:16,86
DA:17,86
DA:18,86
DA:19,86
DA:21,2
DA:22,84
DA:24,46
DA:27,38
DA:28,150
DA:33,198
DA:37,1
DA:41,51
DA:45,345
DA:46,72
DA:47,72
DA:49,1
DA:51,273
DA:53,274
DA:54,274
DA:58,1
DA:59,1
DA:63,73
DA:64,62
DA:65,62
DA:68,12
DA:72,3
DA:73,3
DA:74,9
DA:75,8
DA:76,8
DA:81,2
DA:82,4
DA:83,4
DA:89,8
DA:94,1
DA:95,3
DA:99,2
DA:100,2
DA:101,2
DA:102,7
DA:103,7
DA:104,1
DA:106,1
DA:110,3
DA:111,2
DA:112,2
DA:113,5
DA:114,1
DA:116,1
DA:120,3
DA:121,3
DA:122,9
DA:123,9
DA:125,1
DA:129,3
DA:130,3
DA:131,9
DA:132,1
DA:134,2
DA:138,4
DA:142,21
DA:143,19
DA:144,19
DA:145,19
DA:146,18
DA:147,18
DA:148,17
DA:150,18
DA:151,18
DA:153,1
DA:156,3
DA:160,2
DA:161,2
DA:162,2
DA:166,7
DA:167,7
DA:168,28
DA:169,27
DA:171,6
DA:175,1
DA:177,3
DA:181,14
DA:182,8
DA:183,8
DA:184,7
DA:187,7
DA:191,3
DA:195,8
LF:93
LH:93
BRDA:14,0,0,54
BRDA:18,1,0,86
BRDA:18,1,1,1
BRDA:19,2,0,2
BRDA:19,2,1,84
BRDA:22,3,0,46
BRDA:22,3,1,38
BRDA:22,4,0,84
BRDA:22,4,1,39
BRDA:24,5,0,46
BRDA:24,5,1,1
BRDA:45,6,0,72
BRDA:45,6,1,273
BRDA:47,7,0,71
BRDA:47,7,1,1
BRDA:63,8,0,62
BRDA:63,8,1,11
BRDA:65,9,0,61
BRDA:65,9,1,1
BRDA:71,10,0,1
BRDA:71,11,0,2
BRDA:74,12,0,1
BRDA:74,12,1,8
BRDA:102,13,0,6
BRDA:102,13,1,1
BRDA:103,14,0,1
BRDA:103,14,1,6
BRDA:103,15,0,7
BRDA:103,15,1,3
BRDA:106,16,0,1
BRDA:106,16,1,1
BRDA:110,17,0,1
BRDA:110,17,1,2
BRDA:113,18,0,1
BRDA:113,18,1,4
BRDA:113,19,0,5
BRDA:113,19,1,5
BRDA:122,20,0,8
BRDA:122,20,1,1
BRDA:123,21,0,2
BRDA:123,21,1,7
BRDA:131,22,0,1
BRDA:131,22,1,8
BRDA:131,23,0,9
BRDA:131,23,1,8
BRDA:142,24,0,19
BRDA:142,24,1,2
BRDA:145,25,0,18
BRDA:145,25,1,1
BRDA:147,26,0,17
BRDA:147,26,1,1
BRDA:168,27,0,1
BRDA:168,27,1,27
BRDA:177,28,0,2
BRDA:177,28,1,1
BRDA:181,29,0,8
BRDA:181,29,1,6
BRDA:183,30,0,7
BRDA:183,30,1,1
BRF:59
BRH:59
end_of_record
TN:
SF:C:\Users\Goran\Documents\linqify\src\DataStructures\Lookup.js
FN:8,(anonymous_0)
FN:14,(anonymous_1)
FN:26,(anonymous_2)
FN:30,(anonymous_3)
FN:34,(anonymous_4)
FN:42,(anonymous_5)
FN:43,(anonymous_6)
FN:46,(anonymous_7)
FNF:8
FNH:8
FNDA:30,(anonymous_0)
FNDA:112,(anonymous_1)
FNDA:28,(anonymous_2)
FNDA:1,(anonymous_3)
FNDA:16,(anonymous_4)
FNDA:1,(anonymous_5)
FNDA:3,(anonymous_6)
FNDA:2,(anonymous_7)
DA:1,8
DA:2,8
DA:3,8
DA:4,8
DA:5,8
DA:9,30
DA:10,30
DA:11,30
DA:12,30
DA:14,30
DA:15,112
DA:16,81
DA:17,81
DA:19,31
DA:23,112
DA:27,72
DA:31,1
DA:35,16
DA:37,16
DA:43,3
DA:47,2
DA:51,8
LF:22
LH:22
BRDA:8,0,0,0
BRDA:15,1,0,81
BRDA:15,1,1,31
BRDA:37,2,0,13
BRDA:37,2,1,3
BRF:5
BRH:4
end_of_record
TN:
SF:C:\Users\Goran\Documents\linqify\src\Methods\Methods.js
FN:17,(anonymous_0)
FN:17,(anonymous_1)
FN:37,(anonymous_2)
FN:44,(anonymous_3)
FN:44,(anonymous_4)
FN:49,(anonymous_5)
FN:54,(anonymous_6)
FN:58,(anonymous_7)
FN:58,(anonymous_8)
FN:70,(anonymous_9)
FN:74,(anonymous_10)
FN:80,(anonymous_11)
FN:88,(anonymous_12)
FN:88,(anonymous_13)
FN:95,(anonymous_14)
FN:101,(anonymous_15)
FN:106,(anonymous_16)
FN:116,(anonymous_17)
FN:124,(anonymous_18)
FN:132,(anonymous_19)
FN:132,(anonymous_20)
FN:137,(anonymous_21)
FN:137,(anonymous_22)
FN:142,(anonymous_23)
FN:157,(anonymous_24)
FN:163,(anonymous_25)
FN:164,(anonymous_26)
FN:185,(anonymous_27)
FN:191,(anonymous_28)
FN:205,(anonymous_29)
FN:220,(anonymous_30)
FN:236,(anonymous_31)
FN:236,(anonymous_32)
FN:248,(anonymous_33)
FN:248,(anonymous_34)
FN:254,(anonymous_35)
FN:254,(anonymous_36)
FN:265,(anonymous_37)
FN:265,(anonymous_38)
FN:276,(anonymous_39)
FN:277,(anonymous_40)
FN:280,(anonymous_41)
FN:285,(anonymous_42)
FN:291,(anonymous_43)
FN:302,(anonymous_44)
FN:304,(anonymous_45)
FN:314,(anonymous_46)
FN:330,(anonymous_47)
FN:330,(anonymous_48)
FN:338,(anonymous_49)
FN:339,(anonymous_50)
FN:349,(anonymous_51)
FN:357,(anonymous_52)
FN:361,(anonymous_53)
FN:375,(anonymous_54)
FN:375,(anonymous_55)
FN:381,(anonymous_56)
FN:389,(anonymous_57)
FN:393,(anonymous_58)
FN:401,(anonymous_59)
FN:412,(anonymous_60)
FN:414,(anonymous_61)
FN:419,(anonymous_62)
FN:425,(anonymous_63)
FN:430,(anonymous_64)
FN:440,(anonymous_65)
FN:442,(anonymous_66)
FN:447,(anonymous_67)
FN:453,(anonymous_68)
FN:458,(anonymous_69)
FN:458,(anonymous_70)
FN:459,(anonymous_71)
FN:462,(anonymous_72)
FN:466,(anonymous_73)
FN:475,(anonymous_74)
FN:480,(anonymous_75)
FNF:76
FNH:76
FNDA:10,(anonymous_0)
FNDA:8,(anonymous_1)
FNDA:5,(anonymous_2)
FNDA:10,(anonymous_3)
FNDA:1,(anonymous_4)
FNDA:1,(anonymous_5)
FNDA:40,(anonymous_6)
FNDA:9,(anonymous_7)
FNDA:21,(anonymous_8)
FNDA:1,(anonymous_9)
FNDA:2,(anonymous_10)
FNDA:3,(anonymous_11)
FNDA:8,(anonymous_12)
FNDA:45,(anonymous_13)
FNDA:3,(anonymous_14)
FNDA:22,(anonymous_15)
FNDA:3,(anonymous_16)
FNDA:4,(anonymous_17)
FNDA:3,(anonymous_18)
FNDA:4,(anonymous_19)
FNDA:2,(anonymous_20)
FNDA:4,(anonymous_21)
FNDA:1,(anonymous_22)
FNDA:2,(anonymous_23)
FNDA:9,(anonymous_24)
FNDA:20,(anonymous_25)
FNDA:10,(anonymous_26)
FNDA:18,(anonymous_27)
FNDA:2,(anonymous_28)
FNDA:4,(anonymous_29)
FNDA:2,(anonymous_30)
FNDA:6,(anonymous_31)
FNDA:17,(anonymous_32)
FNDA:6,(anonymous_33)
FNDA:3,(anonymous_34)
FNDA:3,(anonymous_35)
FNDA:12,(anonymous_36)
FNDA:3,(anonymous_37)
FNDA:10,(anonymous_38)
FNDA:3,(anonymous_39)
FNDA:30,(anonymous_40)
FNDA:1,(anonymous_41)
FNDA:1,(anonymous_42)
FNDA:116,(anonymous_43)
FNDA:2,(anonymous_44)
FNDA:7,(anonymous_45)
FNDA:5,(anonymous_46)
FNDA:4,(anonymous_47)
FNDA:1,(anonymous_48)
FNDA:4,(anonymous_49)
FNDA:1,(anonymous_50)
FNDA:5,(anonymous_51)
FNDA:3,(anonymous_52)
FNDA:3,(anonymous_53)
FNDA:6,(anonymous_54)
FNDA:107,(anonymous_55)
FNDA:5,(anonymous_56)
FNDA:3,(anonymous_57)
FNDA:2,(anonymous_58)
FNDA:145,(anonymous_59)
FNDA:18,(anonymous_60)
FNDA:2,(anonymous_61)
FNDA:2,(anonymous_62)
FNDA:45,(anonymous_63)
FNDA:31,(anonymous_64)
FNDA:30,(anonymous_65)
FNDA:9,(anonymous_66)
FNDA:18,(anonymous_67)
FNDA:112,(anonymous_68)
FNDA:8,(anonymous_69)
FNDA:6,(anonymous_70)
FNDA:29,(anonymous_71)
FNDA:7,(anonymous_72)
FNDA:13,(anonymous_73)
FNDA:19,(anonymous_74)
FNDA:3,(anonymous_75)
DA:3,8
DA:4,8
DA:6,8
DA:7,8
DA:8,8
DA:9,8
DA:11,8
DA:17,8
DA:19,10
DA:20,10
DA:21,10
DA:22,9
DA:24,4
DA:25,4
DA:28,5
DA:29,5
DA:32,28
DA:34,9
DA:37,8
DA:38,5
DA:39,16
DA:41,3
DA:44,8
DA:45,21
DA:46,5
DA:49,8
DA:50,1
DA:51,1
DA:54,8
DA:55,40
DA:58,21
DA:59,9
DA:60,9
DA:61,9
DA:62,28
DA:63,26
DA:64,26
DA:67,9
DA:70,8
DA:71,1
DA:74,8
DA:75,2
DA:76,1
DA:77,1
DA:80,8
DA:84,6
DA:85,1
DA:88,45
DA:89,8
DA:91,50
DA:92,8
DA:95,8
DA:96,3
DA:97,3
DA:98,1
DA:101,8
DA:102,22
DA:103,77
DA:106,8
DA:107,3
DA:108,2
DA:109,2
DA:110,16
DA:113,2
DA:116,8
DA:117,4
DA:118,4
DA:119,17
DA:121,3
DA:124,8
DA:128,3
DA:129,21
DA:132,8
DA:133,7
DA:134,1
DA:137,8
DA:138,6
DA:139,2
DA:142,8
DA:143,2
DA:144,6
DA:157,8
DA:163,20
DA:164,10
DA:165,9
DA:167,7
DA:169,1
DA:170,6
DA:172,4
DA:173,4
DA:174,3
DA:176,2
DA:179,2
DA:181,2
DA:182,2
DA:185,9
DA:186,18
DA:191,8
DA:198,2
DA:199,2
DA:200,6
DA:205,8
DA:209,4
DA:210,4
DA:211,10
DA:212,10
DA:213,5
DA:214,5
DA:220,8
DA:227,2
DA:228,2
DA:229,8
DA:230,8
DA:236,17
DA:238,6
DA:239,6
DA:240,22
DA:241,19
DA:242,19
DA:244,6
DA:245,5
DA:248,8
DA:249,6
DA:250,17
DA:251,6
DA:254,12
DA:255,3
DA:256,3
DA:257,3
DA:258,2
DA:260,16
DA:262,2
DA:265,10
DA:266,3
DA:267,3
DA:268,3
DA:269,2
DA:271,15
DA:273,2
DA:276,8
DA:277,30
DA:280,8
DA:281,1
DA:282,1
DA:285,8
DA:286,1
DA:287,1
DA:288,9
DA:291,8
DA:292,116
DA:293,329
DA:302,8
DA:304,7
DA:306,2
DA:307,2
DA:308,8
DA:309,14
DA:314,8
DA:318,5
DA:319,5
DA:321,5
DA:322,23
DA:323,23
DA:324,23
DA:325,22
DA:326,19
DA:330,8
DA:331,4
DA:332,4
DA:333,4
DA:334,3
DA:335,2
DA:338,8
DA:339,1
DA:342,4
DA:343,4
DA:344,4
DA:345,3
DA:346,2
DA:349,8
DA:350,5
DA:351,5
DA:352,31
DA:353,18
DA:357,8
DA:358,3
DA:361,8
DA:362,3
DA:363,3
DA:364,3
DA:365,3
DA:366,21
DA:369,3
DA:370,7
DA:371,7
DA:375,107
DA:376,6
DA:377,110
DA:378,6
DA:381,8
DA:382,5
DA:383,5
DA:384,13
DA:385,4
DA:389,8
DA:390,3
DA:393,8
DA:394,2
DA:395,2
DA:396,14
DA:397,2
DA:401,8
DA:402,145
DA:412,8
DA:414,2
DA:418,18
DA:419,2
DA:420,1
DA:422,17
DA:424,18
DA:425,45
DA:430,8
DA:431,31
DA:440,8
DA:442,9
DA:446,30
DA:447,18
DA:448,4
DA:450,26
DA:452,30
DA:453,112
DA:458,8
DA:459,29
DA:462,8
DA:463,7
DA:466,8
DA:470,13
DA:471,34
DA:472,27
DA:475,8
DA:476,19
DA:477,80
DA:480,8
DA:481,3
DA:482,2
DA:483,2
DA:484,2
DA:485,6
DA:486,6
DA:487,5
DA:488,5
DA:489,4
LF:252
LH:252
BRDA:17,0,0,9
BRDA:21,1,0,1
BRDA:21,1,1,9
BRDA:22,2,0,4
BRDA:22,2,1,5
BRDA:39,3,0,2
BRDA:39,3,1,14
BRDA:44,4,0,2
BRDA:45,5,0,5
BRDA:45,5,1,16
BRDA:58,6,0,8
BRDA:62,7,0,26
BRDA:62,7,1,2
BRDA:75,8,0,1
BRDA:75,8,1,1
BRDA:75,9,0,2
BRDA:75,9,1,1
BRDA:82,10,0,2
BRDA:84,11,0,2
BRDA:84,11,1,4
BRDA:88,12,0,7
BRDA:91,13,0,48
BRDA:91,13,1,2
BRDA:95,14,0,1
BRDA:97,15,0,2
BRDA:97,15,1,1
BRDA:101,16,0,3
BRDA:103,17,0,71
BRDA:103,17,1,6
BRDA:107,18,0,2
BRDA:107,18,1,1
BRDA:110,19,0,1
BRDA:110,19,1,15
BRDA:116,20,0,3
BRDA:119,21,0,1
BRDA:119,21,1,16
BRDA:126,22,0,2
BRDA:129,23,0,8
BRDA:129,23,1,13
BRDA:132,24,0,3
BRDA:133,25,0,3
BRDA:133,25,1,4
BRDA:137,26,0,2
BRDA:137,27,0,3
BRDA:138,28,0,2
BRDA:138,28,1,4
BRDA:161,29,0,8
BRDA:165,30,0,2
BRDA:165,30,1,7
BRDA:167,31,0,1
BRDA:167,31,1,6
BRDA:170,32,0,4
BRDA:170,32,1,2
BRDA:173,33,0,3
BRDA:173,33,1,1
BRDA:174,34,0,1
BRDA:174,34,1,2
BRDA:179,35,0,2
BRDA:179,35,1,0
BRDA:182,36,0,1
BRDA:182,36,1,1
BRDA:196,37,0,1
BRDA:207,38,0,2
BRDA:212,39,0,5
BRDA:212,39,1,5
BRDA:225,40,0,1
BRDA:236,41,0,5
BRDA:240,42,0,19
BRDA:240,42,1,3
BRDA:244,43,0,1
BRDA:244,43,1,5
BRDA:248,44,0,2
BRDA:248,45,0,4
BRDA:250,46,0,12
BRDA:250,46,1,5
BRDA:254,47,0,2
BRDA:257,48,0,1
BRDA:257,48,1,2
BRDA:260,49,0,3
BRDA:260,49,1,13
BRDA:265,50,0,2
BRDA:268,51,0,1
BRDA:268,51,1,2
BRDA:271,52,0,2
BRDA:271,52,1,13
BRDA:304,53,0,1
BRDA:316,54,0,3
BRDA:324,55,0,1
BRDA:324,55,1,22
BRDA:325,56,0,3
BRDA:325,56,1,19
BRDA:326,57,0,1
BRDA:326,57,1,18
BRDA:330,58,0,1
BRDA:333,59,0,1
BRDA:333,59,1,3
BRDA:334,60,0,1
BRDA:334,60,1,2
BRDA:339,61,0,1
BRDA:340,62,0,2
BRDA:344,63,0,1
BRDA:344,63,1,3
BRDA:345,64,0,1
BRDA:345,64,1,2
BRDA:352,65,0,13
BRDA:352,65,1,18
BRDA:365,66,0,24
BRDA:365,66,1,24
BRDA:375,67,0,5
BRDA:384,68,0,9
BRDA:384,68,1,4
BRDA:396,69,0,12
BRDA:396,69,1,2
BRDA:414,70,0,1
BRDA:415,71,0,12
BRDA:418,72,0,1
BRDA:418,72,1,17
BRDA:430,73,0,11
BRDA:442,74,0,2
BRDA:443,75,0,16
BRDA:446,76,0,4
BRDA:446,76,1,26
BRDA:458,77,0,1
BRDA:468,78,0,12
BRDA:471,79,0,25
BRDA:471,79,1,9
BRDA:472,80,0,17
BRDA:472,80,1,10
BRDA:477,81,0,38
BRDA:477,81,1,42
BRDA:481,82,0,1
BRDA:481,82,1,2
BRDA:481,83,0,3
BRDA:481,83,1,2
BRDA:486,84,0,1
BRDA:486,84,1,5
BRDA:488,85,0,1
BRDA:488,85,1,4
BRF:138
BRH:137
end_of_record
TN:
SF:C:\Users\Goran\Documents\linqify\src\Methods\NativeExtensions.js
FN:8,(anonymous_0)
FNF:1
FNH:1
FNDA:96,(anonymous_0)
DA:1,8
DA:2,8
DA:5,8
DA:6,32
DA:8,96
DA:9,64
LF:6
LH:6
BRF:0
BRH:0
end_of_record
TN:
SF:C:\Users\Goran\Documents\linqify\src\NoConflict\AddConflict.js
FN:6,(anonymous_0)
FN:12,(anonymous_1)
FNF:2
FNH:2
FNDA:48,(anonymous_0)
FNDA:1680,(anonymous_1)
DA:1,8
DA:2,8
DA:3,8
DA:4,8
DA:6,8
DA:7,48
DA:8,48
DA:12,8
DA:13,1680
DA:15,1676
DA:16,6
DA:20,1
DA:23,1
DA:26,1675
DA:27,1671
DA:32,1671
DA:35,1675
DA:43,8
LF:18
LH:18
BRDA:7,0,0,48
BRDA:7,0,1,0
BRDA:13,1,0,4
BRDA:13,1,1,1676
BRDA:15,2,0,6
BRDA:15,2,1,1670
BRDA:16,3,0,1
BRDA:16,3,1,5
BRDA:26,4,0,1671
BRDA:26,4,1,4
BRF:10
BRH:9
end_of_record
TN:
SF:C:\Users\Goran\Documents\linqify\src\NoConflict\NoConflict.js
FN:8,(anonymous_0)
FNF:1
FNH:1
FNDA:2,(anonymous_0)
DA:6,8
DA:8,8
DA:9,2
DA:11,1
DA:13,6
DA:14,1
DA:17,1
DA:18,211
DA:19,210
DA:21,1
DA:24,1
DA:25,1
DA:26,1
DA:27,1
DA:28,1
DA:29,5
DA:30,1
DA:33,8
LF:18
LH:18
BRDA:9,0,0,1
BRDA:9,0,1,1
BRDA:11,1,0,1
BRDA:11,1,1,0
BRDA:18,2,0,210
BRDA:18,2,1,1
BRF:6
BRH:5
end_of_record
TN:
SF:C:\Users\Goran\Documents\linqify\src\Sequence\Enumerable.js
FN:5,(anonymous_0)
FN:10,(anonymous_1)
FN:17,(anonymous_2)
FN:19,(anonymous_3)
FN:25,(anonymous_4)
FN:27,(anonymous_5)
FN:34,(anonymous_6)
FN:38,(anonymous_7)
FN:42,(anonymous_8)
FN:45,(anonymous_9)
FN:66,(anonymous_10)
FNF:11
FNH:9
FNDA:51,(anonymous_0)
FNDA:0,(anonymous_1)
FNDA:5,(anonymous_2)
FNDA:4,(anonymous_3)
FNDA:2,(anonymous_4)
FNDA:1,(anonymous_5)
FNDA:8,(anonymous_6)
FNDA:404,(anonymous_7)
FNDA:0,(anonymous_8)
FNDA:245,(anonymous_9)
FNDA:8,(anonymous_10)
DA:1,8
DA:2,8
DA:6,51
DA:8,29
DA:12,1
DA:14,28
DA:18,5
DA:19,4
DA:20,4
DA:21,124
DA:26,2
DA:27,1
DA:28,1
DA:29,4
DA:35,8
DA:39,404
DA:40,404
DA:45,169
DA:46,245
DA:54,404
DA:61,404
DA:62,1616
DA:66,8
DA:68,8
LF:24
LH:24
BRDA:6,0,0,22
BRDA:6,0,1,29
BRDA:8,1,0,1
BRDA:8,1,1,28
BRDA:9,2,0,29
BRDA:9,2,1,28
BRDA:18,3,0,1
BRDA:18,3,1,4
BRDA:26,4,0,1
BRDA:26,4,1,1
BRDA:40,5,0,169
BRDA:40,5,1,235
BRDA:41,6,0,404
BRDA:41,6,1,235
BRF:14
BRH:14
end_of_record
TN:
SF:C:\Users\Goran\Documents\linqify\src\Sequence\IEnumerable.js
FN:2,(anonymous_0)
FN:7,(anonymous_1)
FNF:2
FNH:2
FNDA:518,(anonymous_0)
FNDA:338,(anonymous_1)
DA:3,518
DA:4,518
DA:8,338
DA:12,8
LF:4
LH:4
BRF:0
BRH:0
end_of_record
TN:
SF:C:\Users\Goran\Documents\linqify\src\Sequence\IGrouping.js
FN:4,(anonymous_0)
FN:5,(anonymous_1)
FN:11,(anonymous_2)
FNF:3
FNH:3
FNDA:72,(anonymous_0)
FNDA:67,(anonymous_1)
FNDA:79,(anonymous_2)
DA:1,8
DA:5,72
DA:6,67
DA:8,72
DA:12,79
DA:16,8
LF:6
LH:6
BRF:0
BRH:0
end_of_record
TN:
SF:C:\Users\Goran\Documents\linqify\src\Sequence\IOrderedEnumerable.js
FN:9,(anonymous_0)
FN:16,(anonymous_1)
FN:20,(anonymous_2)
FN:27,(anonymous_3)
FN:39,(anonymous_4)
FN:50,(anonymous_5)
FNF:6
FNH:6
FNDA:14,(anonymous_0)
FNDA:9,(anonymous_1)
FNDA:2,(anonymous_2)
FNDA:3,(anonymous_3)
FNDA:6,(anonymous_4)
FNDA:3,(anonymous_5)
DA:5,8
DA:6,8
DA:10,14
DA:11,14
DA:12,14
DA:13,14
DA:17,9
DA:21,2
DA:28,3
DA:35,8
DA:40,6
DA:46,8
DA:51,3
DA:57,8
LF:14
LH:14
BRF:0
BRH:0
end_of_record
TN:
SF:C:\Users\Goran\Documents\linqify\src\Utils\EqualityComparers.js
FN:8,(anonymous_0)
FN:8,(anonymous_1)
FN:9,(anonymous_2)
FN:10,(anonymous_3)
FN:13,(anonymous_4)
FN:14,(anonymous_5)
FNF:6
FNH:6
FNDA:4,(anonymous_0)
FNDA:5,(anonymous_1)
FNDA:4,(anonymous_2)
FNDA:6,(anonymous_3)
FNDA:149,(anonymous_4)
FNDA:864,(anonymous_5)
DA:5,8
DA:7,8
DA:8,5
DA:9,4
DA:10,6
DA:13,149
DA:14,864
DA:18,8
LF:8
LH:8
BRDA:8,0,0,3
BRF:1
BRH:1
end_of_record
TN:
SF:C:\Users\Goran\Documents\linqify\src\Utils\EqualityComparersUtils.js
FN:8,(anonymous_0)
FN:14,(anonymous_1)
FN:26,(anonymous_2)
FNF:3
FNH:3
FNDA:6,(anonymous_0)
FNDA:117,(anonymous_1)
FNDA:11,(anonymous_2)
DA:1,9
DA:8,9
DA:10,6
DA:11,1023
DA:12,6
DA:14,9
DA:15,117
DA:16,117
DA:17,42
DA:18,42
DA:19,106
DA:21,75
DA:23,117
DA:26,9
DA:27,11
DA:28,10
DA:29,5
DA:33,2
DA:34,2
DA:36,5
DA:37,4
DA:38,7
DA:39,3
DA:41,5
DA:45,9
LF:25
LH:25
BRDA:16,0,0,42
BRDA:16,0,1,75
BRDA:16,1,0,117
BRDA:16,1,1,116
BRDA:17,2,0,21
BRDA:17,2,1,21
BRDA:27,3,0,1
BRDA:27,3,1,10
BRDA:28,4,0,5
BRDA:28,4,1,5
BRDA:28,5,0,10
BRDA:28,5,1,10
BRDA:28,5,2,10
BRDA:29,6,0,2
BRDA:29,6,1,3
BRDA:30,7,0,5
BRDA:30,7,1,2
BRDA:36,8,0,1
BRDA:36,8,1,4
BRDA:38,9,0,1
BRDA:38,9,1,6
BRF:21
BRH:21
end_of_record
TN:
SF:C:\Users\Goran\Documents\linqify\src\Utils\SortComparers.js
FN:2,(anonymous_0)
FN:3,(anonymous_1)
FNF:2
FNH:2
FNDA:13,(anonymous_0)
FNDA:17,(anonymous_1)
DA:1,8
DA:2,13
DA:3,17
DA:6,8
LF:4
LH:4
BRDA:2,0,0,7
BRDA:2,0,1,6
BRDA:2,1,0,4
BRDA:2,1,1,2
BRDA:3,2,0,4
BRDA:3,2,1,13
BRDA:3,3,0,11
BRDA:3,3,1,2
BRF:8
BRH:8
end_of_record
TN:
SF:C:\Users\Goran\Documents\linqify\src\Utils\SortUtils.js
FN:3,getComparer
FN:5,(anonymous_1)
FN:8,(anonymous_2)
FN:11,getComparerReverse
FN:13,(anonymous_4)
FN:16,(anonymous_5)
FN:19,sortGen
FN:23,(anonymous_7)
FNF:8
FNH:8
FNDA:8,getComparer
FNDA:13,(anonymous_1)
FNDA:22,(anonymous_2)
FNDA:6,getComparerReverse
FNDA:17,(anonymous_4)
FNDA:9,(anonymous_5)
FNDA:9,sortGen
FNDA:32,(anonymous_7)
DA:1,8
DA:4,8
DA:5,4
DA:6,13
DA:8,22
DA:12,6
DA:13,4
DA:14,17
DA:16,9
DA:20,9
DA:21,4
DA:23,5
DA:24,32
DA:25,42
DA:26,42
DA:28,1
DA:33,8
LF:17
LH:17
BRDA:4,0,0,4
BRDA:4,0,1,4
BRDA:12,1,0,4
BRDA:12,1,1,2
BRDA:20,2,0,4
BRDA:20,2,1,5
BRDA:26,3,0,31
BRDA:26,3,1,11
BRF:8
BRH:8
end_of_record
TN:
SF:C:\Users\Goran\Documents\linqify\src\Utils\TypeUtils.js
FN:2,getType
FN:15,defaultVal
FN:23,(anonymous_2)
FNF:3
FNH:2
FNDA:441,getType
FNDA:14,defaultVal
FNDA:0,(anonymous_2)
DA:3,441
DA:5,441
DA:6,265
DA:9,260
DA:10,260
DA:12,260
DA:16,14
DA:19,13
DA:21,1
DA:23,1
DA:25,1
DA:27,2
DA:29,1
DA:31,3
DA:33,1
DA:35,1
DA:38,2
DA:40,2
DA:42,2
DA:46,1
DA:50,10
LF:21
LH:21
BRDA:5,0,0,176
BRDA:5,0,1,265
BRDA:6,1,0,5
BRDA:6,1,1,260
BRDA:10,2,0,260
BRDA:10,2,1,260
BRDA:12,3,0,260
BRDA:12,3,1,0
BRDA:12,4,0,260
BRDA:12,4,1,260
BRDA:16,5,0,1
BRDA:16,5,1,13
BRDA:19,6,0,1
BRDA:19,6,1,1
BRDA:19,6,2,1
BRDA:19,6,3,2
BRDA:19,6,4,1
BRDA:19,6,5,3
BRDA:19,6,6,1
BRDA:19,6,7,1
BRDA:40,7,0,1
BRDA:40,7,1,1
BRF:22
BRH:21
end_of_record
